2022-08-26 00:06:48.361  INFO 9936 --- [restartedMain] c.f.pressing.PressingApplication         : Starting PressingApplication using Java 11.0.16.1 on DESKTOP-N0B6C99 with PID 9936 (D:\developpements\java\pressing\target\classes started by Romaric in D:\developpements\java\pressing)
2022-08-26 00:06:48.366  INFO 9936 --- [restartedMain] c.f.pressing.PressingApplication         : No active profile set, falling back to 1 default profile: "default"
2022-08-26 00:06:48.466  INFO 9936 --- [restartedMain] .e.DevToolsPropertyDefaultsPostProcessor : Devtools property defaults active! Set 'spring.devtools.add-properties' to 'false' to disable
2022-08-26 00:06:48.467  INFO 9936 --- [restartedMain] .e.DevToolsPropertyDefaultsPostProcessor : For additional web related logging consider setting the 'logging.level.web' property to 'DEBUG'
2022-08-26 00:06:50.132  INFO 9936 --- [restartedMain] .s.d.r.c.RepositoryConfigurationDelegate : Bootstrapping Spring Data JPA repositories in DEFAULT mode.
2022-08-26 00:06:50.159  INFO 9936 --- [restartedMain] .s.d.r.c.RepositoryConfigurationDelegate : Finished Spring Data repository scanning in 9 ms. Found 0 JPA repository interfaces.
2022-08-26 00:06:51.201  INFO 9936 --- [restartedMain] o.s.b.w.embedded.tomcat.TomcatWebServer  : Tomcat initialized with port(s): 8081 (http)
2022-08-26 00:06:51.212  INFO 9936 --- [restartedMain] o.apache.catalina.core.StandardService   : Starting service [Tomcat]
2022-08-26 00:06:51.213  INFO 9936 --- [restartedMain] org.apache.catalina.core.StandardEngine  : Starting Servlet engine: [Apache Tomcat/9.0.65]
2022-08-26 00:06:51.377  INFO 9936 --- [restartedMain] o.a.c.c.C.[Tomcat].[localhost].[/]       : Initializing Spring embedded WebApplicationContext
2022-08-26 00:06:51.378  INFO 9936 --- [restartedMain] w.s.c.ServletWebServerApplicationContext : Root WebApplicationContext: initialization completed in 2908 ms
2022-08-26 00:06:51.623  INFO 9936 --- [restartedMain] o.hibernate.jpa.internal.util.LogHelper  : HHH000204: Processing PersistenceUnitInfo [name: default]
2022-08-26 00:06:51.692  INFO 9936 --- [restartedMain] org.hibernate.Version                    : HHH000412: Hibernate ORM core version 5.6.10.Final
2022-08-26 00:06:51.928  INFO 9936 --- [restartedMain] o.hibernate.annotations.common.Version   : HCANN000001: Hibernate Commons Annotations {5.1.2.Final}
2022-08-26 00:06:52.089  INFO 9936 --- [restartedMain] com.zaxxer.hikari.HikariDataSource       : Hikari - Starting...
2022-08-26 00:06:52.329  INFO 9936 --- [restartedMain] com.zaxxer.hikari.pool.HikariPool        : Hikari - Added connection com.mysql.cj.jdbc.ConnectionImpl@1dd846bf
2022-08-26 00:06:52.334  INFO 9936 --- [restartedMain] com.zaxxer.hikari.HikariDataSource       : Hikari - Start completed.
2022-08-26 00:06:52.360  INFO 9936 --- [restartedMain] org.hibernate.dialect.Dialect            : HHH000400: Using dialect: org.hibernate.dialect.MySQL57Dialect
2022-08-26 00:06:54.229  INFO 9936 --- [restartedMain] org.hibernate.orm.connections.access     : HHH10001501: Connection obtained from JdbcConnectionAccess [org.hibernate.engine.jdbc.env.internal.JdbcEnvironmentInitiator$ConnectionProviderJdbcConnectionAccess@1caf6158] for (non-JTA) DDL execution was not in auto-commit mode; the Connection 'local transaction' will be committed and the Connection will be set into auto-commit mode.
2022-08-26 00:06:59.939  INFO 9936 --- [restartedMain] o.h.e.t.j.p.i.JtaPlatformInitiator       : HHH000490: Using JtaPlatform implementation: [org.hibernate.engine.transaction.jta.platform.internal.NoJtaPlatform]
2022-08-26 00:07:00.767  INFO 9936 --- [restartedMain] j.LocalContainerEntityManagerFactoryBean : Initialized JPA EntityManagerFactory for persistence unit 'default'
2022-08-26 00:07:06.583  WARN 9936 --- [restartedMain] JpaBaseConfiguration$JpaWebConfiguration : spring.jpa.open-in-view is enabled by default. Therefore, database queries may be performed during view rendering. Explicitly configure spring.jpa.open-in-view to disable this warning
2022-08-26 00:07:11.190  INFO 9936 --- [restartedMain] o.s.b.d.a.OptionalLiveReloadServer       : LiveReload server is running on port 35729
2022-08-26 00:07:11.426  INFO 9936 --- [restartedMain] o.s.b.w.embedded.tomcat.TomcatWebServer  : Tomcat started on port(s): 8081 (http) with context path ''
2022-08-26 00:07:11.480  INFO 9936 --- [restartedMain] c.f.pressing.PressingApplication         : Started PressingApplication in 24.181 seconds (JVM running for 26.436)
2022-08-26 00:08:05.576  INFO 9936 --- [SpringApplicationShutdownHook] j.LocalContainerEntityManagerFactoryBean : Closing JPA EntityManagerFactory for persistence unit 'default'
2022-08-26 00:08:05.595  INFO 9936 --- [SpringApplicationShutdownHook] com.zaxxer.hikari.HikariDataSource       : Hikari - Shutdown initiated...
2022-08-26 00:08:05.635  INFO 9936 --- [SpringApplicationShutdownHook] com.zaxxer.hikari.HikariDataSource       : Hikari - Shutdown completed.
2022-08-26 00:49:05.977  INFO 10840 --- [restartedMain] c.f.pressing.PressingApplication         : Starting PressingApplication using Java 11.0.16.1 on DESKTOP-N0B6C99 with PID 10840 (D:\developpements\java\pressing\target\classes started by Romaric in D:\developpements\java\pressing)
2022-08-26 00:49:06.018  INFO 10840 --- [restartedMain] c.f.pressing.PressingApplication         : No active profile set, falling back to 1 default profile: "default"
2022-08-26 00:49:06.152  INFO 10840 --- [restartedMain] .e.DevToolsPropertyDefaultsPostProcessor : Devtools property defaults active! Set 'spring.devtools.add-properties' to 'false' to disable
2022-08-26 00:49:06.153  INFO 10840 --- [restartedMain] .e.DevToolsPropertyDefaultsPostProcessor : For additional web related logging consider setting the 'logging.level.web' property to 'DEBUG'
2022-08-26 00:49:07.839  INFO 10840 --- [restartedMain] .s.d.r.c.RepositoryConfigurationDelegate : Bootstrapping Spring Data JPA repositories in DEFAULT mode.
2022-08-26 00:49:08.046  INFO 10840 --- [restartedMain] .s.d.r.c.RepositoryConfigurationDelegate : Finished Spring Data repository scanning in 187 ms. Found 2 JPA repository interfaces.
2022-08-26 00:49:09.401  INFO 10840 --- [restartedMain] o.s.b.w.embedded.tomcat.TomcatWebServer  : Tomcat initialized with port(s): 8081 (http)
2022-08-26 00:49:09.416  INFO 10840 --- [restartedMain] o.apache.catalina.core.StandardService   : Starting service [Tomcat]
2022-08-26 00:49:09.417  INFO 10840 --- [restartedMain] org.apache.catalina.core.StandardEngine  : Starting Servlet engine: [Apache Tomcat/9.0.65]
2022-08-26 00:49:09.584  INFO 10840 --- [restartedMain] o.a.c.c.C.[Tomcat].[localhost].[/]       : Initializing Spring embedded WebApplicationContext
2022-08-26 00:49:09.585  INFO 10840 --- [restartedMain] w.s.c.ServletWebServerApplicationContext : Root WebApplicationContext: initialization completed in 3429 ms
2022-08-26 00:49:09.825  INFO 10840 --- [restartedMain] o.hibernate.jpa.internal.util.LogHelper  : HHH000204: Processing PersistenceUnitInfo [name: default]
2022-08-26 00:49:09.914  INFO 10840 --- [restartedMain] org.hibernate.Version                    : HHH000412: Hibernate ORM core version 5.6.10.Final
2022-08-26 00:49:10.146  INFO 10840 --- [restartedMain] o.hibernate.annotations.common.Version   : HCANN000001: Hibernate Commons Annotations {5.1.2.Final}
2022-08-26 00:49:10.361  INFO 10840 --- [restartedMain] com.zaxxer.hikari.HikariDataSource       : Hikari - Starting...
2022-08-26 00:49:10.846  INFO 10840 --- [restartedMain] com.zaxxer.hikari.pool.HikariPool        : Hikari - Added connection com.mysql.cj.jdbc.ConnectionImpl@5ec7de8a
2022-08-26 00:49:10.850  INFO 10840 --- [restartedMain] com.zaxxer.hikari.HikariDataSource       : Hikari - Start completed.
2022-08-26 00:49:10.884  INFO 10840 --- [restartedMain] org.hibernate.dialect.Dialect            : HHH000400: Using dialect: org.hibernate.dialect.MySQL57Dialect
2022-08-26 00:49:12.392  INFO 10840 --- [restartedMain] org.hibernate.orm.connections.access     : HHH10001501: Connection obtained from JdbcConnectionAccess [org.hibernate.engine.jdbc.env.internal.JdbcEnvironmentInitiator$ConnectionProviderJdbcConnectionAccess@7282c7a0] for (non-JTA) DDL execution was not in auto-commit mode; the Connection 'local transaction' will be committed and the Connection will be set into auto-commit mode.
2022-08-26 00:49:12.649  INFO 10840 --- [restartedMain] o.h.e.t.j.p.i.JtaPlatformInitiator       : HHH000490: Using JtaPlatform implementation: [org.hibernate.engine.transaction.jta.platform.internal.NoJtaPlatform]
2022-08-26 00:49:12.665  INFO 10840 --- [restartedMain] j.LocalContainerEntityManagerFactoryBean : Initialized JPA EntityManagerFactory for persistence unit 'default'
2022-08-26 00:49:13.531  WARN 10840 --- [restartedMain] JpaBaseConfiguration$JpaWebConfiguration : spring.jpa.open-in-view is enabled by default. Therefore, database queries may be performed during view rendering. Explicitly configure spring.jpa.open-in-view to disable this warning
2022-08-26 00:49:14.830  INFO 10840 --- [restartedMain] o.s.b.d.a.OptionalLiveReloadServer       : LiveReload server is running on port 35729
2022-08-26 00:49:14.893  INFO 10840 --- [restartedMain] o.s.b.w.embedded.tomcat.TomcatWebServer  : Tomcat started on port(s): 8081 (http) with context path ''
2022-08-26 00:49:14.915  INFO 10840 --- [restartedMain] c.f.pressing.PressingApplication         : Started PressingApplication in 9.982 seconds (JVM running for 11.887)
2022-08-26 00:50:44.421  INFO 10840 --- [http-nio-8081-exec-1] o.a.c.c.C.[Tomcat].[localhost].[/]       : Initializing Spring DispatcherServlet 'dispatcherServlet'
2022-08-26 00:50:44.423  INFO 10840 --- [http-nio-8081-exec-1] o.s.web.servlet.DispatcherServlet        : Initializing Servlet 'dispatcherServlet'
2022-08-26 00:50:44.426  INFO 10840 --- [http-nio-8081-exec-1] o.s.web.servlet.DispatcherServlet        : Completed initialization in 3 ms
2022-08-26 00:53:28.457  INFO 10840 --- [SpringApplicationShutdownHook] j.LocalContainerEntityManagerFactoryBean : Closing JPA EntityManagerFactory for persistence unit 'default'
2022-08-26 00:53:28.464  INFO 10840 --- [SpringApplicationShutdownHook] com.zaxxer.hikari.HikariDataSource       : Hikari - Shutdown initiated...
2022-08-26 00:53:28.486  INFO 10840 --- [SpringApplicationShutdownHook] com.zaxxer.hikari.HikariDataSource       : Hikari - Shutdown completed.
2022-08-26 00:53:40.108  INFO 4328 --- [restartedMain] c.f.pressing.PressingApplication         : Starting PressingApplication using Java 11.0.16.1 on DESKTOP-N0B6C99 with PID 4328 (D:\developpements\java\pressing\target\classes started by Romaric in D:\developpements\java\pressing)
2022-08-26 00:53:40.111  INFO 4328 --- [restartedMain] c.f.pressing.PressingApplication         : No active profile set, falling back to 1 default profile: "default"
2022-08-26 00:53:40.202  INFO 4328 --- [restartedMain] .e.DevToolsPropertyDefaultsPostProcessor : Devtools property defaults active! Set 'spring.devtools.add-properties' to 'false' to disable
2022-08-26 00:53:40.203  INFO 4328 --- [restartedMain] .e.DevToolsPropertyDefaultsPostProcessor : For additional web related logging consider setting the 'logging.level.web' property to 'DEBUG'
2022-08-26 00:53:42.688  INFO 4328 --- [restartedMain] .s.d.r.c.RepositoryConfigurationDelegate : Bootstrapping Spring Data JPA repositories in DEFAULT mode.
2022-08-26 00:53:42.856  INFO 4328 --- [restartedMain] .s.d.r.c.RepositoryConfigurationDelegate : Finished Spring Data repository scanning in 120 ms. Found 2 JPA repository interfaces.
2022-08-26 00:53:44.407  INFO 4328 --- [restartedMain] o.s.b.w.embedded.tomcat.TomcatWebServer  : Tomcat initialized with port(s): 8081 (http)
2022-08-26 00:53:44.426  INFO 4328 --- [restartedMain] o.apache.catalina.core.StandardService   : Starting service [Tomcat]
2022-08-26 00:53:44.427  INFO 4328 --- [restartedMain] org.apache.catalina.core.StandardEngine  : Starting Servlet engine: [Apache Tomcat/9.0.65]
2022-08-26 00:53:44.938  INFO 4328 --- [restartedMain] o.a.c.c.C.[Tomcat].[localhost].[/]       : Initializing Spring embedded WebApplicationContext
2022-08-26 00:53:44.939  INFO 4328 --- [restartedMain] w.s.c.ServletWebServerApplicationContext : Root WebApplicationContext: initialization completed in 4734 ms
2022-08-26 00:53:45.283  INFO 4328 --- [restartedMain] o.hibernate.jpa.internal.util.LogHelper  : HHH000204: Processing PersistenceUnitInfo [name: default]
2022-08-26 00:53:45.401  INFO 4328 --- [restartedMain] org.hibernate.Version                    : HHH000412: Hibernate ORM core version 5.6.10.Final
2022-08-26 00:53:45.732  INFO 4328 --- [restartedMain] o.hibernate.annotations.common.Version   : HCANN000001: Hibernate Commons Annotations {5.1.2.Final}
2022-08-26 00:53:46.011  INFO 4328 --- [restartedMain] com.zaxxer.hikari.HikariDataSource       : Hikari - Starting...
2022-08-26 00:53:46.565  INFO 4328 --- [restartedMain] com.zaxxer.hikari.pool.HikariPool        : Hikari - Added connection com.mysql.cj.jdbc.ConnectionImpl@77e039ce
2022-08-26 00:53:46.571  INFO 4328 --- [restartedMain] com.zaxxer.hikari.HikariDataSource       : Hikari - Start completed.
2022-08-26 00:53:46.610  INFO 4328 --- [restartedMain] org.hibernate.dialect.Dialect            : HHH000400: Using dialect: org.hibernate.dialect.MySQL57Dialect
2022-08-26 00:53:47.988  INFO 4328 --- [restartedMain] org.hibernate.orm.connections.access     : HHH10001501: Connection obtained from JdbcConnectionAccess [org.hibernate.engine.jdbc.env.internal.JdbcEnvironmentInitiator$ConnectionProviderJdbcConnectionAccess@313eb941] for (non-JTA) DDL execution was not in auto-commit mode; the Connection 'local transaction' will be committed and the Connection will be set into auto-commit mode.
2022-08-26 00:53:48.103  INFO 4328 --- [restartedMain] o.h.e.t.j.p.i.JtaPlatformInitiator       : HHH000490: Using JtaPlatform implementation: [org.hibernate.engine.transaction.jta.platform.internal.NoJtaPlatform]
2022-08-26 00:53:48.118  INFO 4328 --- [restartedMain] j.LocalContainerEntityManagerFactoryBean : Initialized JPA EntityManagerFactory for persistence unit 'default'
2022-08-26 00:53:48.781  WARN 4328 --- [restartedMain] JpaBaseConfiguration$JpaWebConfiguration : spring.jpa.open-in-view is enabled by default. Therefore, database queries may be performed during view rendering. Explicitly configure spring.jpa.open-in-view to disable this warning
2022-08-26 00:53:50.186  INFO 4328 --- [restartedMain] o.s.b.d.a.OptionalLiveReloadServer       : LiveReload server is running on port 35729
2022-08-26 00:53:50.243  INFO 4328 --- [restartedMain] o.s.b.w.embedded.tomcat.TomcatWebServer  : Tomcat started on port(s): 8081 (http) with context path ''
2022-08-26 00:53:50.260  INFO 4328 --- [restartedMain] c.f.pressing.PressingApplication         : Started PressingApplication in 11.169 seconds (JVM running for 13.448)
2022-08-26 00:54:04.984  INFO 4328 --- [http-nio-8081-exec-2] o.a.c.c.C.[Tomcat].[localhost].[/]       : Initializing Spring DispatcherServlet 'dispatcherServlet'
2022-08-26 00:54:04.986  INFO 4328 --- [http-nio-8081-exec-2] o.s.web.servlet.DispatcherServlet        : Initializing Servlet 'dispatcherServlet'
2022-08-26 00:54:04.988  INFO 4328 --- [http-nio-8081-exec-2] o.s.web.servlet.DispatcherServlet        : Completed initialization in 2 ms
2022-08-26 00:54:35.051  INFO 4328 --- [SpringApplicationShutdownHook] j.LocalContainerEntityManagerFactoryBean : Closing JPA EntityManagerFactory for persistence unit 'default'
2022-08-26 00:54:35.059  INFO 4328 --- [SpringApplicationShutdownHook] com.zaxxer.hikari.HikariDataSource       : Hikari - Shutdown initiated...
2022-08-26 00:54:35.083  INFO 4328 --- [SpringApplicationShutdownHook] com.zaxxer.hikari.HikariDataSource       : Hikari - Shutdown completed.
2022-08-26 00:54:42.723  INFO 6304 --- [restartedMain] c.f.pressing.PressingApplication         : Starting PressingApplication using Java 11.0.16.1 on DESKTOP-N0B6C99 with PID 6304 (D:\developpements\java\pressing\target\classes started by Romaric in D:\developpements\java\pressing)
2022-08-26 00:54:42.727  INFO 6304 --- [restartedMain] c.f.pressing.PressingApplication         : No active profile set, falling back to 1 default profile: "default"
2022-08-26 00:54:42.819  INFO 6304 --- [restartedMain] .e.DevToolsPropertyDefaultsPostProcessor : Devtools property defaults active! Set 'spring.devtools.add-properties' to 'false' to disable
2022-08-26 00:54:42.819  INFO 6304 --- [restartedMain] .e.DevToolsPropertyDefaultsPostProcessor : For additional web related logging consider setting the 'logging.level.web' property to 'DEBUG'
2022-08-26 00:54:44.436  INFO 6304 --- [restartedMain] .s.d.r.c.RepositoryConfigurationDelegate : Bootstrapping Spring Data JPA repositories in DEFAULT mode.
2022-08-26 00:54:44.536  INFO 6304 --- [restartedMain] .s.d.r.c.RepositoryConfigurationDelegate : Finished Spring Data repository scanning in 83 ms. Found 2 JPA repository interfaces.
2022-08-26 00:54:45.604  INFO 6304 --- [restartedMain] o.s.b.w.embedded.tomcat.TomcatWebServer  : Tomcat initialized with port(s): 8081 (http)
2022-08-26 00:54:45.617  INFO 6304 --- [restartedMain] o.apache.catalina.core.StandardService   : Starting service [Tomcat]
2022-08-26 00:54:45.617  INFO 6304 --- [restartedMain] org.apache.catalina.core.StandardEngine  : Starting Servlet engine: [Apache Tomcat/9.0.65]
2022-08-26 00:54:45.875  INFO 6304 --- [restartedMain] o.a.c.c.C.[Tomcat].[localhost].[/]       : Initializing Spring embedded WebApplicationContext
2022-08-26 00:54:45.876  INFO 6304 --- [restartedMain] w.s.c.ServletWebServerApplicationContext : Root WebApplicationContext: initialization completed in 3054 ms
2022-08-26 00:54:46.120  INFO 6304 --- [restartedMain] o.hibernate.jpa.internal.util.LogHelper  : HHH000204: Processing PersistenceUnitInfo [name: default]
2022-08-26 00:54:46.195  INFO 6304 --- [restartedMain] org.hibernate.Version                    : HHH000412: Hibernate ORM core version 5.6.10.Final
2022-08-26 00:54:46.430  INFO 6304 --- [restartedMain] o.hibernate.annotations.common.Version   : HCANN000001: Hibernate Commons Annotations {5.1.2.Final}
2022-08-26 00:54:46.578  INFO 6304 --- [restartedMain] com.zaxxer.hikari.HikariDataSource       : Hikari - Starting...
2022-08-26 00:54:46.812  INFO 6304 --- [restartedMain] com.zaxxer.hikari.pool.HikariPool        : Hikari - Added connection com.mysql.cj.jdbc.ConnectionImpl@5ecf39e7
2022-08-26 00:54:46.817  INFO 6304 --- [restartedMain] com.zaxxer.hikari.HikariDataSource       : Hikari - Start completed.
2022-08-26 00:54:46.845  INFO 6304 --- [restartedMain] org.hibernate.dialect.Dialect            : HHH000400: Using dialect: org.hibernate.dialect.MySQL57Dialect
2022-08-26 00:54:47.884  INFO 6304 --- [restartedMain] org.hibernate.orm.connections.access     : HHH10001501: Connection obtained from JdbcConnectionAccess [org.hibernate.engine.jdbc.env.internal.JdbcEnvironmentInitiator$ConnectionProviderJdbcConnectionAccess@2a9ae2e5] for (non-JTA) DDL execution was not in auto-commit mode; the Connection 'local transaction' will be committed and the Connection will be set into auto-commit mode.
2022-08-26 00:54:47.969  INFO 6304 --- [restartedMain] o.h.e.t.j.p.i.JtaPlatformInitiator       : HHH000490: Using JtaPlatform implementation: [org.hibernate.engine.transaction.jta.platform.internal.NoJtaPlatform]
2022-08-26 00:54:47.981  INFO 6304 --- [restartedMain] j.LocalContainerEntityManagerFactoryBean : Initialized JPA EntityManagerFactory for persistence unit 'default'
2022-08-26 00:54:48.667  WARN 6304 --- [restartedMain] JpaBaseConfiguration$JpaWebConfiguration : spring.jpa.open-in-view is enabled by default. Therefore, database queries may be performed during view rendering. Explicitly configure spring.jpa.open-in-view to disable this warning
2022-08-26 00:54:49.903  INFO 6304 --- [restartedMain] o.s.b.d.a.OptionalLiveReloadServer       : LiveReload server is running on port 35729
2022-08-26 00:54:49.959  INFO 6304 --- [restartedMain] o.s.b.w.embedded.tomcat.TomcatWebServer  : Tomcat started on port(s): 8081 (http) with context path ''
2022-08-26 00:54:49.977  INFO 6304 --- [restartedMain] c.f.pressing.PressingApplication         : Started PressingApplication in 8.336 seconds (JVM running for 10.257)
2022-08-26 00:54:58.945  INFO 6304 --- [http-nio-8081-exec-1] o.a.c.c.C.[Tomcat].[localhost].[/]       : Initializing Spring DispatcherServlet 'dispatcherServlet'
2022-08-26 00:54:58.946  INFO 6304 --- [http-nio-8081-exec-1] o.s.web.servlet.DispatcherServlet        : Initializing Servlet 'dispatcherServlet'
2022-08-26 00:54:58.949  INFO 6304 --- [http-nio-8081-exec-1] o.s.web.servlet.DispatcherServlet        : Completed initialization in 2 ms
2022-08-26 00:54:59.186  INFO 6304 --- [http-nio-8081-exec-1] o.springdoc.api.AbstractOpenApiResource  : Init duration for springdoc-openapi is: 108 ms
2022-08-26 00:57:38.663  INFO 6304 --- [SpringApplicationShutdownHook] j.LocalContainerEntityManagerFactoryBean : Closing JPA EntityManagerFactory for persistence unit 'default'
2022-08-26 00:57:38.669  INFO 6304 --- [SpringApplicationShutdownHook] com.zaxxer.hikari.HikariDataSource       : Hikari - Shutdown initiated...
2022-08-26 00:57:38.696  INFO 6304 --- [SpringApplicationShutdownHook] com.zaxxer.hikari.HikariDataSource       : Hikari - Shutdown completed.
2022-08-26 00:57:46.381  INFO 4556 --- [restartedMain] c.f.pressing.PressingApplication         : Starting PressingApplication using Java 11.0.16.1 on DESKTOP-N0B6C99 with PID 4556 (D:\developpements\java\pressing\target\classes started by Romaric in D:\developpements\java\pressing)
2022-08-26 00:57:46.384  INFO 4556 --- [restartedMain] c.f.pressing.PressingApplication         : No active profile set, falling back to 1 default profile: "default"
2022-08-26 00:57:46.483  INFO 4556 --- [restartedMain] .e.DevToolsPropertyDefaultsPostProcessor : Devtools property defaults active! Set 'spring.devtools.add-properties' to 'false' to disable
2022-08-26 00:57:46.486  INFO 4556 --- [restartedMain] .e.DevToolsPropertyDefaultsPostProcessor : For additional web related logging consider setting the 'logging.level.web' property to 'DEBUG'
2022-08-26 00:57:48.090  INFO 4556 --- [restartedMain] .s.d.r.c.RepositoryConfigurationDelegate : Bootstrapping Spring Data JPA repositories in DEFAULT mode.
2022-08-26 00:57:48.197  INFO 4556 --- [restartedMain] .s.d.r.c.RepositoryConfigurationDelegate : Finished Spring Data repository scanning in 86 ms. Found 2 JPA repository interfaces.
2022-08-26 00:57:49.462  INFO 4556 --- [restartedMain] o.s.b.w.embedded.tomcat.TomcatWebServer  : Tomcat initialized with port(s): 8081 (http)
2022-08-26 00:57:49.476  INFO 4556 --- [restartedMain] o.apache.catalina.core.StandardService   : Starting service [Tomcat]
2022-08-26 00:57:49.477  INFO 4556 --- [restartedMain] org.apache.catalina.core.StandardEngine  : Starting Servlet engine: [Apache Tomcat/9.0.65]
2022-08-26 00:57:49.670  INFO 4556 --- [restartedMain] o.a.c.c.C.[Tomcat].[localhost].[/]       : Initializing Spring embedded WebApplicationContext
2022-08-26 00:57:49.671  INFO 4556 --- [restartedMain] w.s.c.ServletWebServerApplicationContext : Root WebApplicationContext: initialization completed in 3183 ms
2022-08-26 00:57:49.870  INFO 4556 --- [restartedMain] o.hibernate.jpa.internal.util.LogHelper  : HHH000204: Processing PersistenceUnitInfo [name: default]
2022-08-26 00:57:49.971  INFO 4556 --- [restartedMain] org.hibernate.Version                    : HHH000412: Hibernate ORM core version 5.6.10.Final
2022-08-26 00:57:50.208  INFO 4556 --- [restartedMain] o.hibernate.annotations.common.Version   : HCANN000001: Hibernate Commons Annotations {5.1.2.Final}
2022-08-26 00:57:50.382  INFO 4556 --- [restartedMain] com.zaxxer.hikari.HikariDataSource       : Hikari - Starting...
2022-08-26 00:57:50.666  INFO 4556 --- [restartedMain] com.zaxxer.hikari.pool.HikariPool        : Hikari - Added connection com.mysql.cj.jdbc.ConnectionImpl@3b42a17e
2022-08-26 00:57:50.670  INFO 4556 --- [restartedMain] com.zaxxer.hikari.HikariDataSource       : Hikari - Start completed.
2022-08-26 00:57:50.697  INFO 4556 --- [restartedMain] org.hibernate.dialect.Dialect            : HHH000400: Using dialect: org.hibernate.dialect.MySQL57Dialect
2022-08-26 00:57:51.752  INFO 4556 --- [restartedMain] org.hibernate.orm.connections.access     : HHH10001501: Connection obtained from JdbcConnectionAccess [org.hibernate.engine.jdbc.env.internal.JdbcEnvironmentInitiator$ConnectionProviderJdbcConnectionAccess@1a43d232] for (non-JTA) DDL execution was not in auto-commit mode; the Connection 'local transaction' will be committed and the Connection will be set into auto-commit mode.
2022-08-26 00:57:51.880  INFO 4556 --- [restartedMain] o.h.e.t.j.p.i.JtaPlatformInitiator       : HHH000490: Using JtaPlatform implementation: [org.hibernate.engine.transaction.jta.platform.internal.NoJtaPlatform]
2022-08-26 00:57:51.901  INFO 4556 --- [restartedMain] j.LocalContainerEntityManagerFactoryBean : Initialized JPA EntityManagerFactory for persistence unit 'default'
2022-08-26 00:57:52.518  WARN 4556 --- [restartedMain] JpaBaseConfiguration$JpaWebConfiguration : spring.jpa.open-in-view is enabled by default. Therefore, database queries may be performed during view rendering. Explicitly configure spring.jpa.open-in-view to disable this warning
2022-08-26 00:57:53.800  INFO 4556 --- [restartedMain] o.s.b.d.a.OptionalLiveReloadServer       : LiveReload server is running on port 35729
2022-08-26 00:57:53.866  INFO 4556 --- [restartedMain] o.s.b.w.embedded.tomcat.TomcatWebServer  : Tomcat started on port(s): 8081 (http) with context path ''
2022-08-26 00:57:53.883  INFO 4556 --- [restartedMain] c.f.pressing.PressingApplication         : Started PressingApplication in 8.515 seconds (JVM running for 11.042)
2022-08-26 00:58:18.424  INFO 4556 --- [http-nio-8081-exec-1] o.a.c.c.C.[Tomcat].[localhost].[/]       : Initializing Spring DispatcherServlet 'dispatcherServlet'
2022-08-26 00:58:18.426  INFO 4556 --- [http-nio-8081-exec-1] o.s.web.servlet.DispatcherServlet        : Initializing Servlet 'dispatcherServlet'
2022-08-26 00:58:18.429  INFO 4556 --- [http-nio-8081-exec-1] o.s.web.servlet.DispatcherServlet        : Completed initialization in 3 ms
2022-08-26 00:59:12.688  INFO 4556 --- [http-nio-8081-exec-1] o.springdoc.api.AbstractOpenApiResource  : Init duration for springdoc-openapi is: 179 ms
2022-08-26 01:03:01.101  INFO 4556 --- [SpringApplicationShutdownHook] j.LocalContainerEntityManagerFactoryBean : Closing JPA EntityManagerFactory for persistence unit 'default'
2022-08-26 01:03:01.505  INFO 4556 --- [SpringApplicationShutdownHook] com.zaxxer.hikari.HikariDataSource       : Hikari - Shutdown initiated...
2022-08-26 01:03:01.641  INFO 4556 --- [SpringApplicationShutdownHook] com.zaxxer.hikari.HikariDataSource       : Hikari - Shutdown completed.
2022-08-26 01:04:04.574  INFO 14096 --- [restartedMain] c.f.pressing.PressingApplication         : Starting PressingApplication using Java 11.0.16.1 on DESKTOP-N0B6C99 with PID 14096 (D:\developpements\java\pressing\target\classes started by Romaric in D:\developpements\java\pressing)
2022-08-26 01:04:04.671  INFO 14096 --- [restartedMain] c.f.pressing.PressingApplication         : No active profile set, falling back to 1 default profile: "default"
2022-08-26 01:04:06.012  INFO 14096 --- [restartedMain] .e.DevToolsPropertyDefaultsPostProcessor : Devtools property defaults active! Set 'spring.devtools.add-properties' to 'false' to disable
2022-08-26 01:04:06.013  INFO 14096 --- [restartedMain] .e.DevToolsPropertyDefaultsPostProcessor : For additional web related logging consider setting the 'logging.level.web' property to 'DEBUG'
2022-08-26 01:04:14.040  INFO 14096 --- [restartedMain] .s.d.r.c.RepositoryConfigurationDelegate : Bootstrapping Spring Data JPA repositories in DEFAULT mode.
2022-08-26 01:04:14.273  INFO 14096 --- [restartedMain] .s.d.r.c.RepositoryConfigurationDelegate : Finished Spring Data repository scanning in 214 ms. Found 2 JPA repository interfaces.
2022-08-26 01:04:22.901  INFO 14096 --- [restartedMain] o.s.b.w.embedded.tomcat.TomcatWebServer  : Tomcat initialized with port(s): 8081 (http)
2022-08-26 01:04:23.386  INFO 14096 --- [restartedMain] o.apache.catalina.core.StandardService   : Starting service [Tomcat]
2022-08-26 01:04:23.387  INFO 14096 --- [restartedMain] org.apache.catalina.core.StandardEngine  : Starting Servlet engine: [Apache Tomcat/9.0.65]
2022-08-26 01:04:24.206  INFO 14096 --- [restartedMain] o.a.c.c.C.[Tomcat].[localhost].[/]       : Initializing Spring embedded WebApplicationContext
2022-08-26 01:04:24.209  INFO 14096 --- [restartedMain] w.s.c.ServletWebServerApplicationContext : Root WebApplicationContext: initialization completed in 18193 ms
2022-08-26 01:04:25.886  INFO 14096 --- [restartedMain] o.hibernate.jpa.internal.util.LogHelper  : HHH000204: Processing PersistenceUnitInfo [name: default]
2022-08-26 01:04:30.586  INFO 14096 --- [restartedMain] org.hibernate.Version                    : HHH000412: Hibernate ORM core version 5.6.10.Final
2022-08-26 01:04:37.204  INFO 14096 --- [restartedMain] o.hibernate.annotations.common.Version   : HCANN000001: Hibernate Commons Annotations {5.1.2.Final}
2022-08-26 01:04:42.921  INFO 14096 --- [restartedMain] com.zaxxer.hikari.HikariDataSource       : Hikari - Starting...
2022-08-26 01:04:55.455  INFO 14096 --- [restartedMain] com.zaxxer.hikari.pool.HikariPool        : Hikari - Added connection com.mysql.cj.jdbc.ConnectionImpl@3de72fa8
2022-08-26 01:04:55.851  INFO 14096 --- [restartedMain] com.zaxxer.hikari.HikariDataSource       : Hikari - Start completed.
2022-08-26 01:04:56.190  INFO 14096 --- [restartedMain] org.hibernate.dialect.Dialect            : HHH000400: Using dialect: org.hibernate.dialect.MySQL57Dialect
2022-08-26 01:05:13.744  INFO 14096 --- [restartedMain] org.hibernate.orm.connections.access     : HHH10001501: Connection obtained from JdbcConnectionAccess [org.hibernate.engine.jdbc.env.internal.JdbcEnvironmentInitiator$ConnectionProviderJdbcConnectionAccess@71e9785a] for (non-JTA) DDL execution was not in auto-commit mode; the Connection 'local transaction' will be committed and the Connection will be set into auto-commit mode.
2022-08-26 01:05:14.392  INFO 14096 --- [restartedMain] o.h.e.t.j.p.i.JtaPlatformInitiator       : HHH000490: Using JtaPlatform implementation: [org.hibernate.engine.transaction.jta.platform.internal.NoJtaPlatform]
2022-08-26 01:05:14.525  INFO 14096 --- [restartedMain] j.LocalContainerEntityManagerFactoryBean : Initialized JPA EntityManagerFactory for persistence unit 'default'
2022-08-26 01:05:18.414  WARN 14096 --- [restartedMain] JpaBaseConfiguration$JpaWebConfiguration : spring.jpa.open-in-view is enabled by default. Therefore, database queries may be performed during view rendering. Explicitly configure spring.jpa.open-in-view to disable this warning
2022-08-26 01:05:23.349  INFO 14096 --- [restartedMain] o.s.b.d.a.OptionalLiveReloadServer       : LiveReload server is running on port 35729
2022-08-26 01:05:24.690  INFO 14096 --- [restartedMain] o.s.b.w.embedded.tomcat.TomcatWebServer  : Tomcat started on port(s): 8081 (http) with context path ''
2022-08-26 01:05:24.840  INFO 14096 --- [restartedMain] c.f.pressing.PressingApplication         : Started PressingApplication in 84.914 seconds (JVM running for 91.692)
2022-08-26 01:05:38.409  INFO 14096 --- [http-nio-8081-exec-1] o.a.c.c.C.[Tomcat].[localhost].[/]       : Initializing Spring DispatcherServlet 'dispatcherServlet'
2022-08-26 01:05:38.412  INFO 14096 --- [http-nio-8081-exec-1] o.s.web.servlet.DispatcherServlet        : Initializing Servlet 'dispatcherServlet'
2022-08-26 01:05:38.424  INFO 14096 --- [http-nio-8081-exec-1] o.s.web.servlet.DispatcherServlet        : Completed initialization in 12 ms
2022-08-26 01:05:41.114  INFO 14096 --- [http-nio-8081-exec-2] o.springdoc.api.AbstractOpenApiResource  : Init duration for springdoc-openapi is: 1616 ms
2022-08-26 01:08:01.935  INFO 14096 --- [SpringApplicationShutdownHook] j.LocalContainerEntityManagerFactoryBean : Closing JPA EntityManagerFactory for persistence unit 'default'
2022-08-26 01:08:01.974  INFO 14096 --- [SpringApplicationShutdownHook] com.zaxxer.hikari.HikariDataSource       : Hikari - Shutdown initiated...
2022-08-26 01:08:02.010  INFO 14096 --- [SpringApplicationShutdownHook] com.zaxxer.hikari.HikariDataSource       : Hikari - Shutdown completed.
2022-08-26 01:20:19.037  INFO 8132 --- [restartedMain] c.f.pressing.PressingApplication         : Starting PressingApplication using Java 11.0.16.1 on DESKTOP-N0B6C99 with PID 8132 (D:\developpements\java\pressing\target\classes started by Romaric in D:\developpements\java\pressing)
2022-08-26 01:20:19.040  INFO 8132 --- [restartedMain] c.f.pressing.PressingApplication         : No active profile set, falling back to 1 default profile: "default"
2022-08-26 01:20:19.170  INFO 8132 --- [restartedMain] .e.DevToolsPropertyDefaultsPostProcessor : Devtools property defaults active! Set 'spring.devtools.add-properties' to 'false' to disable
2022-08-26 01:20:19.171  INFO 8132 --- [restartedMain] .e.DevToolsPropertyDefaultsPostProcessor : For additional web related logging consider setting the 'logging.level.web' property to 'DEBUG'
2022-08-26 01:20:20.705  INFO 8132 --- [restartedMain] .s.d.r.c.RepositoryConfigurationDelegate : Bootstrapping Spring Data JPA repositories in DEFAULT mode.
2022-08-26 01:20:20.877  INFO 8132 --- [restartedMain] .s.d.r.c.RepositoryConfigurationDelegate : Finished Spring Data repository scanning in 140 ms. Found 2 JPA repository interfaces.
2022-08-26 01:20:22.166  INFO 8132 --- [restartedMain] o.s.b.w.embedded.tomcat.TomcatWebServer  : Tomcat initialized with port(s): 8081 (http)
2022-08-26 01:20:22.215  INFO 8132 --- [restartedMain] o.apache.catalina.core.StandardService   : Starting service [Tomcat]
2022-08-26 01:20:22.216  INFO 8132 --- [restartedMain] org.apache.catalina.core.StandardEngine  : Starting Servlet engine: [Apache Tomcat/9.0.65]
2022-08-26 01:20:22.770  INFO 8132 --- [restartedMain] o.a.c.c.C.[Tomcat].[localhost].[/]       : Initializing Spring embedded WebApplicationContext
2022-08-26 01:20:22.771  INFO 8132 --- [restartedMain] w.s.c.ServletWebServerApplicationContext : Root WebApplicationContext: initialization completed in 3598 ms
2022-08-26 01:20:23.044  INFO 8132 --- [restartedMain] o.hibernate.jpa.internal.util.LogHelper  : HHH000204: Processing PersistenceUnitInfo [name: default]
2022-08-26 01:20:23.212  INFO 8132 --- [restartedMain] org.hibernate.Version                    : HHH000412: Hibernate ORM core version 5.6.10.Final
2022-08-26 01:20:23.787  INFO 8132 --- [restartedMain] o.hibernate.annotations.common.Version   : HCANN000001: Hibernate Commons Annotations {5.1.2.Final}
2022-08-26 01:20:24.102  INFO 8132 --- [restartedMain] com.zaxxer.hikari.HikariDataSource       : Hikari - Starting...
2022-08-26 01:20:24.435  INFO 8132 --- [restartedMain] com.zaxxer.hikari.pool.HikariPool        : Hikari - Added connection com.mysql.cj.jdbc.ConnectionImpl@63b7fa2e
2022-08-26 01:20:24.440  INFO 8132 --- [restartedMain] com.zaxxer.hikari.HikariDataSource       : Hikari - Start completed.
2022-08-26 01:20:24.518  INFO 8132 --- [restartedMain] org.hibernate.dialect.Dialect            : HHH000400: Using dialect: org.hibernate.dialect.MySQL57Dialect
2022-08-26 01:20:26.647  INFO 8132 --- [restartedMain] org.hibernate.orm.connections.access     : HHH10001501: Connection obtained from JdbcConnectionAccess [org.hibernate.engine.jdbc.env.internal.JdbcEnvironmentInitiator$ConnectionProviderJdbcConnectionAccess@1d15e4ef] for (non-JTA) DDL execution was not in auto-commit mode; the Connection 'local transaction' will be committed and the Connection will be set into auto-commit mode.
2022-08-26 01:20:26.800  INFO 8132 --- [restartedMain] o.h.e.t.j.p.i.JtaPlatformInitiator       : HHH000490: Using JtaPlatform implementation: [org.hibernate.engine.transaction.jta.platform.internal.NoJtaPlatform]
2022-08-26 01:20:26.814  INFO 8132 --- [restartedMain] j.LocalContainerEntityManagerFactoryBean : Initialized JPA EntityManagerFactory for persistence unit 'default'
2022-08-26 01:20:27.628  WARN 8132 --- [restartedMain] JpaBaseConfiguration$JpaWebConfiguration : spring.jpa.open-in-view is enabled by default. Therefore, database queries may be performed during view rendering. Explicitly configure spring.jpa.open-in-view to disable this warning
2022-08-26 01:20:29.133  INFO 8132 --- [restartedMain] o.s.b.d.a.OptionalLiveReloadServer       : LiveReload server is running on port 35729
2022-08-26 01:20:29.192  INFO 8132 --- [restartedMain] o.s.b.w.embedded.tomcat.TomcatWebServer  : Tomcat started on port(s): 8081 (http) with context path ''
2022-08-26 01:20:29.225  INFO 8132 --- [restartedMain] c.f.pressing.PressingApplication         : Started PressingApplication in 11.604 seconds (JVM running for 14.886)
2022-08-26 01:20:59.277  INFO 8132 --- [http-nio-8081-exec-1] o.a.c.c.C.[Tomcat].[localhost].[/]       : Initializing Spring DispatcherServlet 'dispatcherServlet'
2022-08-26 01:20:59.278  INFO 8132 --- [http-nio-8081-exec-1] o.s.web.servlet.DispatcherServlet        : Initializing Servlet 'dispatcherServlet'
2022-08-26 01:20:59.283  INFO 8132 --- [http-nio-8081-exec-1] o.s.web.servlet.DispatcherServlet        : Completed initialization in 3 ms
2022-08-26 01:21:00.759  INFO 8132 --- [http-nio-8081-exec-8] o.springdoc.api.AbstractOpenApiResource  : Init duration for springdoc-openapi is: 540 ms
2022-08-26 01:22:04.065  INFO 8132 --- [http-nio-8081-exec-2] c.f.pressing.web.RoleRessource           : les id ne sont pas identique.
2022-08-26 01:22:04.071  INFO 8132 --- [http-nio-8081-exec-2] c.f.pressing.web.RoleRessource           : Objet role est introuvable.
2022-08-26 01:31:58.103  INFO 8132 --- [SpringApplicationShutdownHook] j.LocalContainerEntityManagerFactoryBean : Closing JPA EntityManagerFactory for persistence unit 'default'
2022-08-26 01:31:58.109  INFO 8132 --- [SpringApplicationShutdownHook] com.zaxxer.hikari.HikariDataSource       : Hikari - Shutdown initiated...
2022-08-26 01:31:58.133  INFO 8132 --- [SpringApplicationShutdownHook] com.zaxxer.hikari.HikariDataSource       : Hikari - Shutdown completed.
2022-08-26 01:32:09.126  INFO 1300 --- [restartedMain] c.f.pressing.PressingApplication         : Starting PressingApplication using Java 11.0.16.1 on DESKTOP-N0B6C99 with PID 1300 (D:\developpements\java\pressing\target\classes started by Romaric in D:\developpements\java\pressing)
2022-08-26 01:32:09.130  INFO 1300 --- [restartedMain] c.f.pressing.PressingApplication         : No active profile set, falling back to 1 default profile: "default"
2022-08-26 01:32:09.232  INFO 1300 --- [restartedMain] .e.DevToolsPropertyDefaultsPostProcessor : Devtools property defaults active! Set 'spring.devtools.add-properties' to 'false' to disable
2022-08-26 01:32:09.233  INFO 1300 --- [restartedMain] .e.DevToolsPropertyDefaultsPostProcessor : For additional web related logging consider setting the 'logging.level.web' property to 'DEBUG'
2022-08-26 01:32:10.850  INFO 1300 --- [restartedMain] .s.d.r.c.RepositoryConfigurationDelegate : Bootstrapping Spring Data JPA repositories in DEFAULT mode.
2022-08-26 01:32:10.966  INFO 1300 --- [restartedMain] .s.d.r.c.RepositoryConfigurationDelegate : Finished Spring Data repository scanning in 97 ms. Found 2 JPA repository interfaces.
2022-08-26 01:32:11.989  INFO 1300 --- [restartedMain] o.s.b.w.embedded.tomcat.TomcatWebServer  : Tomcat initialized with port(s): 8081 (http)
2022-08-26 01:32:12.006  INFO 1300 --- [restartedMain] o.apache.catalina.core.StandardService   : Starting service [Tomcat]
2022-08-26 01:32:12.006  INFO 1300 --- [restartedMain] org.apache.catalina.core.StandardEngine  : Starting Servlet engine: [Apache Tomcat/9.0.65]
2022-08-26 01:32:12.177  INFO 1300 --- [restartedMain] o.a.c.c.C.[Tomcat].[localhost].[/]       : Initializing Spring embedded WebApplicationContext
2022-08-26 01:32:12.178  INFO 1300 --- [restartedMain] w.s.c.ServletWebServerApplicationContext : Root WebApplicationContext: initialization completed in 2943 ms
2022-08-26 01:32:12.413  INFO 1300 --- [restartedMain] o.hibernate.jpa.internal.util.LogHelper  : HHH000204: Processing PersistenceUnitInfo [name: default]
2022-08-26 01:32:12.483  INFO 1300 --- [restartedMain] org.hibernate.Version                    : HHH000412: Hibernate ORM core version 5.6.10.Final
2022-08-26 01:32:12.706  INFO 1300 --- [restartedMain] o.hibernate.annotations.common.Version   : HCANN000001: Hibernate Commons Annotations {5.1.2.Final}
2022-08-26 01:32:12.853  INFO 1300 --- [restartedMain] com.zaxxer.hikari.HikariDataSource       : Hikari - Starting...
2022-08-26 01:32:13.085  INFO 1300 --- [restartedMain] com.zaxxer.hikari.pool.HikariPool        : Hikari - Added connection com.mysql.cj.jdbc.ConnectionImpl@38b097bc
2022-08-26 01:32:13.090  INFO 1300 --- [restartedMain] com.zaxxer.hikari.HikariDataSource       : Hikari - Start completed.
2022-08-26 01:32:13.118  INFO 1300 --- [restartedMain] org.hibernate.dialect.Dialect            : HHH000400: Using dialect: org.hibernate.dialect.MySQL57Dialect
2022-08-26 01:32:14.234  INFO 1300 --- [restartedMain] org.hibernate.orm.connections.access     : HHH10001501: Connection obtained from JdbcConnectionAccess [org.hibernate.engine.jdbc.env.internal.JdbcEnvironmentInitiator$ConnectionProviderJdbcConnectionAccess@1b2d59ca] for (non-JTA) DDL execution was not in auto-commit mode; the Connection 'local transaction' will be committed and the Connection will be set into auto-commit mode.
2022-08-26 01:32:14.325  INFO 1300 --- [restartedMain] o.h.e.t.j.p.i.JtaPlatformInitiator       : HHH000490: Using JtaPlatform implementation: [org.hibernate.engine.transaction.jta.platform.internal.NoJtaPlatform]
2022-08-26 01:32:14.338  INFO 1300 --- [restartedMain] j.LocalContainerEntityManagerFactoryBean : Initialized JPA EntityManagerFactory for persistence unit 'default'
2022-08-26 01:32:14.998  WARN 1300 --- [restartedMain] JpaBaseConfiguration$JpaWebConfiguration : spring.jpa.open-in-view is enabled by default. Therefore, database queries may be performed during view rendering. Explicitly configure spring.jpa.open-in-view to disable this warning
2022-08-26 01:32:16.265  INFO 1300 --- [restartedMain] o.s.b.d.a.OptionalLiveReloadServer       : LiveReload server is running on port 35729
2022-08-26 01:32:16.335  INFO 1300 --- [restartedMain] o.s.b.w.embedded.tomcat.TomcatWebServer  : Tomcat started on port(s): 8081 (http) with context path ''
2022-08-26 01:32:16.353  INFO 1300 --- [restartedMain] c.f.pressing.PressingApplication         : Started PressingApplication in 8.258 seconds (JVM running for 10.636)
2022-08-26 01:32:46.513  INFO 1300 --- [http-nio-8081-exec-1] o.a.c.c.C.[Tomcat].[localhost].[/]       : Initializing Spring DispatcherServlet 'dispatcherServlet'
2022-08-26 01:32:46.515  INFO 1300 --- [http-nio-8081-exec-1] o.s.web.servlet.DispatcherServlet        : Initializing Servlet 'dispatcherServlet'
2022-08-26 01:32:46.517  INFO 1300 --- [http-nio-8081-exec-1] o.s.web.servlet.DispatcherServlet        : Completed initialization in 2 ms
2022-08-26 01:32:47.317  INFO 1300 --- [http-nio-8081-exec-2] o.springdoc.api.AbstractOpenApiResource  : Init duration for springdoc-openapi is: 579 ms
2022-08-26 01:33:04.820  INFO 1300 --- [SpringApplicationShutdownHook] j.LocalContainerEntityManagerFactoryBean : Closing JPA EntityManagerFactory for persistence unit 'default'
2022-08-26 01:33:04.829  INFO 1300 --- [SpringApplicationShutdownHook] com.zaxxer.hikari.HikariDataSource       : Hikari - Shutdown initiated...
2022-08-26 01:33:04.868  INFO 1300 --- [SpringApplicationShutdownHook] com.zaxxer.hikari.HikariDataSource       : Hikari - Shutdown completed.
2022-08-26 01:33:17.575  INFO 13872 --- [restartedMain] c.f.pressing.PressingApplication         : Starting PressingApplication using Java 11.0.16.1 on DESKTOP-N0B6C99 with PID 13872 (D:\developpements\java\pressing\target\classes started by Romaric in D:\developpements\java\pressing)
2022-08-26 01:33:17.578  INFO 13872 --- [restartedMain] c.f.pressing.PressingApplication         : No active profile set, falling back to 1 default profile: "default"
2022-08-26 01:33:17.666  INFO 13872 --- [restartedMain] .e.DevToolsPropertyDefaultsPostProcessor : Devtools property defaults active! Set 'spring.devtools.add-properties' to 'false' to disable
2022-08-26 01:33:17.667  INFO 13872 --- [restartedMain] .e.DevToolsPropertyDefaultsPostProcessor : For additional web related logging consider setting the 'logging.level.web' property to 'DEBUG'
2022-08-26 01:33:19.260  INFO 13872 --- [restartedMain] .s.d.r.c.RepositoryConfigurationDelegate : Bootstrapping Spring Data JPA repositories in DEFAULT mode.
2022-08-26 01:33:19.365  INFO 13872 --- [restartedMain] .s.d.r.c.RepositoryConfigurationDelegate : Finished Spring Data repository scanning in 87 ms. Found 2 JPA repository interfaces.
2022-08-26 01:33:20.288  INFO 13872 --- [restartedMain] o.s.b.w.embedded.tomcat.TomcatWebServer  : Tomcat initialized with port(s): 8081 (http)
2022-08-26 01:33:20.305  INFO 13872 --- [restartedMain] o.apache.catalina.core.StandardService   : Starting service [Tomcat]
2022-08-26 01:33:20.305  INFO 13872 --- [restartedMain] org.apache.catalina.core.StandardEngine  : Starting Servlet engine: [Apache Tomcat/9.0.65]
2022-08-26 01:33:20.520  INFO 13872 --- [restartedMain] o.a.c.c.C.[Tomcat].[localhost].[/]       : Initializing Spring embedded WebApplicationContext
2022-08-26 01:33:20.521  INFO 13872 --- [restartedMain] w.s.c.ServletWebServerApplicationContext : Root WebApplicationContext: initialization completed in 2853 ms
2022-08-26 01:33:20.726  INFO 13872 --- [restartedMain] o.hibernate.jpa.internal.util.LogHelper  : HHH000204: Processing PersistenceUnitInfo [name: default]
2022-08-26 01:33:20.809  INFO 13872 --- [restartedMain] org.hibernate.Version                    : HHH000412: Hibernate ORM core version 5.6.10.Final
2022-08-26 01:33:21.083  INFO 13872 --- [restartedMain] o.hibernate.annotations.common.Version   : HCANN000001: Hibernate Commons Annotations {5.1.2.Final}
2022-08-26 01:33:21.253  INFO 13872 --- [restartedMain] com.zaxxer.hikari.HikariDataSource       : Hikari - Starting...
2022-08-26 01:33:21.495  INFO 13872 --- [restartedMain] com.zaxxer.hikari.pool.HikariPool        : Hikari - Added connection com.mysql.cj.jdbc.ConnectionImpl@36968951
2022-08-26 01:33:21.499  INFO 13872 --- [restartedMain] com.zaxxer.hikari.HikariDataSource       : Hikari - Start completed.
2022-08-26 01:33:21.524  INFO 13872 --- [restartedMain] org.hibernate.dialect.Dialect            : HHH000400: Using dialect: org.hibernate.dialect.MySQL57Dialect
2022-08-26 01:33:22.588  INFO 13872 --- [restartedMain] org.hibernate.orm.connections.access     : HHH10001501: Connection obtained from JdbcConnectionAccess [org.hibernate.engine.jdbc.env.internal.JdbcEnvironmentInitiator$ConnectionProviderJdbcConnectionAccess@4ca18280] for (non-JTA) DDL execution was not in auto-commit mode; the Connection 'local transaction' will be committed and the Connection will be set into auto-commit mode.
2022-08-26 01:33:22.680  INFO 13872 --- [restartedMain] o.h.e.t.j.p.i.JtaPlatformInitiator       : HHH000490: Using JtaPlatform implementation: [org.hibernate.engine.transaction.jta.platform.internal.NoJtaPlatform]
2022-08-26 01:33:22.695  INFO 13872 --- [restartedMain] j.LocalContainerEntityManagerFactoryBean : Initialized JPA EntityManagerFactory for persistence unit 'default'
2022-08-26 01:33:23.391  WARN 13872 --- [restartedMain] JpaBaseConfiguration$JpaWebConfiguration : spring.jpa.open-in-view is enabled by default. Therefore, database queries may be performed during view rendering. Explicitly configure spring.jpa.open-in-view to disable this warning
2022-08-26 01:33:24.721  INFO 13872 --- [restartedMain] o.s.b.d.a.OptionalLiveReloadServer       : LiveReload server is running on port 35729
2022-08-26 01:33:24.778  INFO 13872 --- [restartedMain] o.s.b.w.embedded.tomcat.TomcatWebServer  : Tomcat started on port(s): 8081 (http) with context path ''
2022-08-26 01:33:24.794  INFO 13872 --- [restartedMain] c.f.pressing.PressingApplication         : Started PressingApplication in 8.232 seconds (JVM running for 10.319)
2022-08-26 01:33:33.384  INFO 13872 --- [http-nio-8081-exec-1] o.a.c.c.C.[Tomcat].[localhost].[/]       : Initializing Spring DispatcherServlet 'dispatcherServlet'
2022-08-26 01:33:33.385  INFO 13872 --- [http-nio-8081-exec-1] o.s.web.servlet.DispatcherServlet        : Initializing Servlet 'dispatcherServlet'
2022-08-26 01:33:33.400  INFO 13872 --- [http-nio-8081-exec-1] o.s.web.servlet.DispatcherServlet        : Completed initialization in 14 ms
2022-08-26 01:33:34.470  INFO 13872 --- [http-nio-8081-exec-3] o.springdoc.api.AbstractOpenApiResource  : Init duration for springdoc-openapi is: 553 ms
2022-08-26 01:34:01.949 ERROR 13872 --- [http-nio-8081-exec-5] o.a.c.c.C.[.[.[/].[dispatcherServlet]    : Servlet.service() for servlet [dispatcherServlet] in context with path [] threw exception [Request processing failed; nested exception is org.springframework.data.mapping.PropertyReferenceException: No property 'string' found for type 'Role'] with root cause

org.springframework.data.mapping.PropertyReferenceException: No property 'string' found for type 'Role'
	at org.springframework.data.mapping.PropertyPath.<init>(PropertyPath.java:91)
	at org.springframework.data.mapping.PropertyPath.create(PropertyPath.java:438)
	at org.springframework.data.mapping.PropertyPath.create(PropertyPath.java:414)
	at org.springframework.data.mapping.PropertyPath.lambda$from$0(PropertyPath.java:367)
	at java.base/java.util.concurrent.ConcurrentMap.computeIfAbsent(ConcurrentMap.java:330)
	at org.springframework.data.mapping.PropertyPath.from(PropertyPath.java:349)
	at org.springframework.data.mapping.PropertyPath.from(PropertyPath.java:332)
	at org.springframework.data.jpa.repository.query.QueryUtils.toJpaOrder(QueryUtils.java:718)
	at org.springframework.data.jpa.repository.query.QueryUtils.toOrders(QueryUtils.java:671)
	at org.springframework.data.jpa.repository.support.SimpleJpaRepository.getQuery(SimpleJpaRepository.java:817)
	at org.springframework.data.jpa.repository.support.SimpleJpaRepository.getQuery(SimpleJpaRepository.java:774)
	at org.springframework.data.jpa.repository.support.SimpleJpaRepository.findAll(SimpleJpaRepository.java:515)
	at org.springframework.data.jpa.repository.support.SimpleJpaRepository.findAll(SimpleJpaRepository.java:482)
	at java.base/jdk.internal.reflect.NativeMethodAccessorImpl.invoke0(Native Method)
	at java.base/jdk.internal.reflect.NativeMethodAccessorImpl.invoke(NativeMethodAccessorImpl.java:62)
	at java.base/jdk.internal.reflect.DelegatingMethodAccessorImpl.invoke(DelegatingMethodAccessorImpl.java:43)
	at java.base/java.lang.reflect.Method.invoke(Method.java:566)
	at org.springframework.data.repository.core.support.RepositoryMethodInvoker$RepositoryFragmentMethodInvoker.lambda$new$0(RepositoryMethodInvoker.java:289)
	at org.springframework.data.repository.core.support.RepositoryMethodInvoker.doInvoke(RepositoryMethodInvoker.java:137)
	at org.springframework.data.repository.core.support.RepositoryMethodInvoker.invoke(RepositoryMethodInvoker.java:121)
	at org.springframework.data.repository.core.support.RepositoryComposition$RepositoryFragments.invoke(RepositoryComposition.java:530)
	at org.springframework.data.repository.core.support.RepositoryComposition.invoke(RepositoryComposition.java:286)
	at org.springframework.data.repository.core.support.RepositoryFactorySupport$ImplementationMethodExecutionInterceptor.invoke(RepositoryFactorySupport.java:640)
	at org.springframework.aop.framework.ReflectiveMethodInvocation.proceed(ReflectiveMethodInvocation.java:186)
	at org.springframework.data.repository.core.support.QueryExecutorMethodInterceptor.doInvoke(QueryExecutorMethodInterceptor.java:164)
	at org.springframework.data.repository.core.support.QueryExecutorMethodInterceptor.invoke(QueryExecutorMethodInterceptor.java:139)
	at org.springframework.aop.framework.ReflectiveMethodInvocation.proceed(ReflectiveMethodInvocation.java:186)
	at org.springframework.data.projection.DefaultMethodInvokingMethodInterceptor.invoke(DefaultMethodInvokingMethodInterceptor.java:81)
	at org.springframework.aop.framework.ReflectiveMethodInvocation.proceed(ReflectiveMethodInvocation.java:186)
	at org.springframework.transaction.interceptor.TransactionInterceptor$1.proceedWithInvocation(TransactionInterceptor.java:123)
	at org.springframework.transaction.interceptor.TransactionAspectSupport.invokeWithinTransaction(TransactionAspectSupport.java:388)
	at org.springframework.transaction.interceptor.TransactionInterceptor.invoke(TransactionInterceptor.java:119)
	at org.springframework.aop.framework.ReflectiveMethodInvocation.proceed(ReflectiveMethodInvocation.java:186)
	at org.springframework.dao.support.PersistenceExceptionTranslationInterceptor.invoke(PersistenceExceptionTranslationInterceptor.java:137)
	at org.springframework.aop.framework.ReflectiveMethodInvocation.proceed(ReflectiveMethodInvocation.java:186)
	at org.springframework.data.jpa.repository.support.CrudMethodMetadataPostProcessor$CrudMethodMetadataPopulatingMethodInterceptor.invoke(CrudMethodMetadataPostProcessor.java:174)
	at org.springframework.aop.framework.ReflectiveMethodInvocation.proceed(ReflectiveMethodInvocation.java:186)
	at org.springframework.aop.interceptor.ExposeInvocationInterceptor.invoke(ExposeInvocationInterceptor.java:97)
	at org.springframework.aop.framework.ReflectiveMethodInvocation.proceed(ReflectiveMethodInvocation.java:186)
	at org.springframework.aop.framework.JdkDynamicAopProxy.invoke(JdkDynamicAopProxy.java:215)
	at com.sun.proxy.$Proxy117.findAll(Unknown Source)
	at com.formationjava.pressing.servicies.impl.RoleServiceImpl.findAll(RoleServiceImpl.java:39)
	at com.formationjava.pressing.servicies.impl.RoleServiceImpl$$FastClassBySpringCGLIB$$82ab545f.invoke(<generated>)
	at org.springframework.cglib.proxy.MethodProxy.invoke(MethodProxy.java:218)
	at org.springframework.aop.framework.CglibAopProxy$CglibMethodInvocation.invokeJoinpoint(CglibAopProxy.java:793)
	at org.springframework.aop.framework.ReflectiveMethodInvocation.proceed(ReflectiveMethodInvocation.java:163)
	at org.springframework.aop.framework.CglibAopProxy$CglibMethodInvocation.proceed(CglibAopProxy.java:763)
	at org.springframework.transaction.interceptor.TransactionInterceptor$1.proceedWithInvocation(TransactionInterceptor.java:123)
	at org.springframework.transaction.interceptor.TransactionAspectSupport.invokeWithinTransaction(TransactionAspectSupport.java:388)
	at org.springframework.transaction.interceptor.TransactionInterceptor.invoke(TransactionInterceptor.java:119)
	at org.springframework.aop.framework.ReflectiveMethodInvocation.proceed(ReflectiveMethodInvocation.java:186)
	at org.springframework.aop.framework.CglibAopProxy$CglibMethodInvocation.proceed(CglibAopProxy.java:763)
	at org.springframework.aop.framework.CglibAopProxy$DynamicAdvisedInterceptor.intercept(CglibAopProxy.java:708)
	at com.formationjava.pressing.servicies.impl.RoleServiceImpl$$EnhancerBySpringCGLIB$$612f9185.findAll(<generated>)
	at com.formationjava.pressing.web.RoleRessource.getAllRole(RoleRessource.java:59)
	at java.base/jdk.internal.reflect.NativeMethodAccessorImpl.invoke0(Native Method)
	at java.base/jdk.internal.reflect.NativeMethodAccessorImpl.invoke(NativeMethodAccessorImpl.java:62)
	at java.base/jdk.internal.reflect.DelegatingMethodAccessorImpl.invoke(DelegatingMethodAccessorImpl.java:43)
	at java.base/java.lang.reflect.Method.invoke(Method.java:566)
	at org.springframework.web.method.support.InvocableHandlerMethod.doInvoke(InvocableHandlerMethod.java:205)
	at org.springframework.web.method.support.InvocableHandlerMethod.invokeForRequest(InvocableHandlerMethod.java:150)
	at org.springframework.web.servlet.mvc.method.annotation.ServletInvocableHandlerMethod.invokeAndHandle(ServletInvocableHandlerMethod.java:117)
	at org.springframework.web.servlet.mvc.method.annotation.RequestMappingHandlerAdapter.invokeHandlerMethod(RequestMappingHandlerAdapter.java:895)
	at org.springframework.web.servlet.mvc.method.annotation.RequestMappingHandlerAdapter.handleInternal(RequestMappingHandlerAdapter.java:808)
	at org.springframework.web.servlet.mvc.method.AbstractHandlerMethodAdapter.handle(AbstractHandlerMethodAdapter.java:87)
	at org.springframework.web.servlet.DispatcherServlet.doDispatch(DispatcherServlet.java:1070)
	at org.springframework.web.servlet.DispatcherServlet.doService(DispatcherServlet.java:963)
	at org.springframework.web.servlet.FrameworkServlet.processRequest(FrameworkServlet.java:1006)
	at org.springframework.web.servlet.FrameworkServlet.doGet(FrameworkServlet.java:898)
	at javax.servlet.http.HttpServlet.service(HttpServlet.java:655)
	at org.springframework.web.servlet.FrameworkServlet.service(FrameworkServlet.java:883)
	at javax.servlet.http.HttpServlet.service(HttpServlet.java:764)
	at org.apache.catalina.core.ApplicationFilterChain.internalDoFilter(ApplicationFilterChain.java:227)
	at org.apache.catalina.core.ApplicationFilterChain.doFilter(ApplicationFilterChain.java:162)
	at org.apache.tomcat.websocket.server.WsFilter.doFilter(WsFilter.java:53)
	at org.apache.catalina.core.ApplicationFilterChain.internalDoFilter(ApplicationFilterChain.java:189)
	at org.apache.catalina.core.ApplicationFilterChain.doFilter(ApplicationFilterChain.java:162)
	at org.springframework.web.filter.RequestContextFilter.doFilterInternal(RequestContextFilter.java:100)
	at org.springframework.web.filter.OncePerRequestFilter.doFilter(OncePerRequestFilter.java:117)
	at org.apache.catalina.core.ApplicationFilterChain.internalDoFilter(ApplicationFilterChain.java:189)
	at org.apache.catalina.core.ApplicationFilterChain.doFilter(ApplicationFilterChain.java:162)
	at org.springframework.web.filter.FormContentFilter.doFilterInternal(FormContentFilter.java:93)
	at org.springframework.web.filter.OncePerRequestFilter.doFilter(OncePerRequestFilter.java:117)
	at org.apache.catalina.core.ApplicationFilterChain.internalDoFilter(ApplicationFilterChain.java:189)
	at org.apache.catalina.core.ApplicationFilterChain.doFilter(ApplicationFilterChain.java:162)
	at org.springframework.web.filter.CharacterEncodingFilter.doFilterInternal(CharacterEncodingFilter.java:201)
	at org.springframework.web.filter.OncePerRequestFilter.doFilter(OncePerRequestFilter.java:117)
	at org.apache.catalina.core.ApplicationFilterChain.internalDoFilter(ApplicationFilterChain.java:189)
	at org.apache.catalina.core.ApplicationFilterChain.doFilter(ApplicationFilterChain.java:162)
	at org.apache.catalina.core.StandardWrapperValve.invoke(StandardWrapperValve.java:197)
	at org.apache.catalina.core.StandardContextValve.invoke(StandardContextValve.java:97)
	at org.apache.catalina.authenticator.AuthenticatorBase.invoke(AuthenticatorBase.java:541)
	at org.apache.catalina.core.StandardHostValve.invoke(StandardHostValve.java:135)
	at org.apache.catalina.valves.ErrorReportValve.invoke(ErrorReportValve.java:92)
	at org.apache.catalina.core.StandardEngineValve.invoke(StandardEngineValve.java:78)
	at org.apache.catalina.connector.CoyoteAdapter.service(CoyoteAdapter.java:360)
	at org.apache.coyote.http11.Http11Processor.service(Http11Processor.java:399)
	at org.apache.coyote.AbstractProcessorLight.process(AbstractProcessorLight.java:65)
	at org.apache.coyote.AbstractProtocol$ConnectionHandler.process(AbstractProtocol.java:890)
	at org.apache.tomcat.util.net.NioEndpoint$SocketProcessor.doRun(NioEndpoint.java:1789)
	at org.apache.tomcat.util.net.SocketProcessorBase.run(SocketProcessorBase.java:49)
	at org.apache.tomcat.util.threads.ThreadPoolExecutor.runWorker(ThreadPoolExecutor.java:1191)
	at org.apache.tomcat.util.threads.ThreadPoolExecutor$Worker.run(ThreadPoolExecutor.java:659)
	at org.apache.tomcat.util.threads.TaskThread$WrappingRunnable.run(TaskThread.java:61)
	at java.base/java.lang.Thread.run(Thread.java:829)

2022-08-26 01:35:25.617  INFO 13872 --- [SpringApplicationShutdownHook] j.LocalContainerEntityManagerFactoryBean : Closing JPA EntityManagerFactory for persistence unit 'default'
2022-08-26 01:35:25.625  INFO 13872 --- [SpringApplicationShutdownHook] com.zaxxer.hikari.HikariDataSource       : Hikari - Shutdown initiated...
2022-08-26 01:35:25.664  INFO 13872 --- [SpringApplicationShutdownHook] com.zaxxer.hikari.HikariDataSource       : Hikari - Shutdown completed.
2022-08-26 01:36:53.616  INFO 7628 --- [restartedMain] c.f.pressing.PressingApplication         : Starting PressingApplication using Java 11.0.16.1 on DESKTOP-N0B6C99 with PID 7628 (D:\developpements\java\pressing\target\classes started by Romaric in D:\developpements\java\pressing)
2022-08-26 01:36:53.624  INFO 7628 --- [restartedMain] c.f.pressing.PressingApplication         : No active profile set, falling back to 1 default profile: "default"
2022-08-26 01:36:53.722  INFO 7628 --- [restartedMain] .e.DevToolsPropertyDefaultsPostProcessor : Devtools property defaults active! Set 'spring.devtools.add-properties' to 'false' to disable
2022-08-26 01:36:53.723  INFO 7628 --- [restartedMain] .e.DevToolsPropertyDefaultsPostProcessor : For additional web related logging consider setting the 'logging.level.web' property to 'DEBUG'
2022-08-26 01:36:55.343  INFO 7628 --- [restartedMain] .s.d.r.c.RepositoryConfigurationDelegate : Bootstrapping Spring Data JPA repositories in DEFAULT mode.
2022-08-26 01:36:55.446  INFO 7628 --- [restartedMain] .s.d.r.c.RepositoryConfigurationDelegate : Finished Spring Data repository scanning in 86 ms. Found 2 JPA repository interfaces.
2022-08-26 01:36:56.662  INFO 7628 --- [restartedMain] o.s.b.w.embedded.tomcat.TomcatWebServer  : Tomcat initialized with port(s): 8081 (http)
2022-08-26 01:36:56.676  INFO 7628 --- [restartedMain] o.apache.catalina.core.StandardService   : Starting service [Tomcat]
2022-08-26 01:36:56.676  INFO 7628 --- [restartedMain] org.apache.catalina.core.StandardEngine  : Starting Servlet engine: [Apache Tomcat/9.0.65]
2022-08-26 01:36:56.845  INFO 7628 --- [restartedMain] o.a.c.c.C.[Tomcat].[localhost].[/]       : Initializing Spring embedded WebApplicationContext
2022-08-26 01:36:56.845  INFO 7628 --- [restartedMain] w.s.c.ServletWebServerApplicationContext : Root WebApplicationContext: initialization completed in 3121 ms
2022-08-26 01:36:57.054  INFO 7628 --- [restartedMain] o.hibernate.jpa.internal.util.LogHelper  : HHH000204: Processing PersistenceUnitInfo [name: default]
2022-08-26 01:36:57.121  INFO 7628 --- [restartedMain] org.hibernate.Version                    : HHH000412: Hibernate ORM core version 5.6.10.Final
2022-08-26 01:36:57.341  INFO 7628 --- [restartedMain] o.hibernate.annotations.common.Version   : HCANN000001: Hibernate Commons Annotations {5.1.2.Final}
2022-08-26 01:36:57.488  INFO 7628 --- [restartedMain] com.zaxxer.hikari.HikariDataSource       : Hikari - Starting...
2022-08-26 01:36:57.765  INFO 7628 --- [restartedMain] com.zaxxer.hikari.pool.HikariPool        : Hikari - Added connection com.mysql.cj.jdbc.ConnectionImpl@72ee8c07
2022-08-26 01:36:57.770  INFO 7628 --- [restartedMain] com.zaxxer.hikari.HikariDataSource       : Hikari - Start completed.
2022-08-26 01:36:57.800  INFO 7628 --- [restartedMain] org.hibernate.dialect.Dialect            : HHH000400: Using dialect: org.hibernate.dialect.MySQL57Dialect
2022-08-26 01:36:58.853  INFO 7628 --- [restartedMain] org.hibernate.orm.connections.access     : HHH10001501: Connection obtained from JdbcConnectionAccess [org.hibernate.engine.jdbc.env.internal.JdbcEnvironmentInitiator$ConnectionProviderJdbcConnectionAccess@132d18ad] for (non-JTA) DDL execution was not in auto-commit mode; the Connection 'local transaction' will be committed and the Connection will be set into auto-commit mode.
2022-08-26 01:36:58.945  INFO 7628 --- [restartedMain] o.h.e.t.j.p.i.JtaPlatformInitiator       : HHH000490: Using JtaPlatform implementation: [org.hibernate.engine.transaction.jta.platform.internal.NoJtaPlatform]
2022-08-26 01:36:58.958  INFO 7628 --- [restartedMain] j.LocalContainerEntityManagerFactoryBean : Initialized JPA EntityManagerFactory for persistence unit 'default'
2022-08-26 01:36:59.646  WARN 7628 --- [restartedMain] JpaBaseConfiguration$JpaWebConfiguration : spring.jpa.open-in-view is enabled by default. Therefore, database queries may be performed during view rendering. Explicitly configure spring.jpa.open-in-view to disable this warning
2022-08-26 01:37:00.977  INFO 7628 --- [restartedMain] o.s.b.d.a.OptionalLiveReloadServer       : LiveReload server is running on port 35729
2022-08-26 01:37:01.061  INFO 7628 --- [restartedMain] o.s.b.w.embedded.tomcat.TomcatWebServer  : Tomcat started on port(s): 8081 (http) with context path ''
2022-08-26 01:37:01.078  INFO 7628 --- [restartedMain] c.f.pressing.PressingApplication         : Started PressingApplication in 8.425 seconds (JVM running for 10.527)
2022-08-26 01:37:25.715  INFO 7628 --- [http-nio-8081-exec-1] o.a.c.c.C.[Tomcat].[localhost].[/]       : Initializing Spring DispatcherServlet 'dispatcherServlet'
2022-08-26 01:37:25.718  INFO 7628 --- [http-nio-8081-exec-1] o.s.web.servlet.DispatcherServlet        : Initializing Servlet 'dispatcherServlet'
2022-08-26 01:37:25.720  INFO 7628 --- [http-nio-8081-exec-1] o.s.web.servlet.DispatcherServlet        : Completed initialization in 2 ms
2022-08-26 01:37:26.623  INFO 7628 --- [http-nio-8081-exec-2] o.springdoc.api.AbstractOpenApiResource  : Init duration for springdoc-openapi is: 699 ms
2022-08-26 01:37:37.244 ERROR 7628 --- [http-nio-8081-exec-3] o.a.c.c.C.[.[.[/].[dispatcherServlet]    : Servlet.service() for servlet [dispatcherServlet] in context with path [] threw exception [Request processing failed; nested exception is org.springframework.data.mapping.PropertyReferenceException: No property 'string' found for type 'Role'] with root cause

org.springframework.data.mapping.PropertyReferenceException: No property 'string' found for type 'Role'
	at org.springframework.data.mapping.PropertyPath.<init>(PropertyPath.java:91)
	at org.springframework.data.mapping.PropertyPath.create(PropertyPath.java:438)
	at org.springframework.data.mapping.PropertyPath.create(PropertyPath.java:414)
	at org.springframework.data.mapping.PropertyPath.lambda$from$0(PropertyPath.java:367)
	at java.base/java.util.concurrent.ConcurrentMap.computeIfAbsent(ConcurrentMap.java:330)
	at org.springframework.data.mapping.PropertyPath.from(PropertyPath.java:349)
	at org.springframework.data.mapping.PropertyPath.from(PropertyPath.java:332)
	at org.springframework.data.jpa.repository.query.QueryUtils.toJpaOrder(QueryUtils.java:718)
	at org.springframework.data.jpa.repository.query.QueryUtils.toOrders(QueryUtils.java:671)
	at org.springframework.data.jpa.repository.support.SimpleJpaRepository.getQuery(SimpleJpaRepository.java:817)
	at org.springframework.data.jpa.repository.support.SimpleJpaRepository.getQuery(SimpleJpaRepository.java:774)
	at org.springframework.data.jpa.repository.support.SimpleJpaRepository.findAll(SimpleJpaRepository.java:515)
	at org.springframework.data.jpa.repository.support.SimpleJpaRepository.findAll(SimpleJpaRepository.java:482)
	at java.base/jdk.internal.reflect.NativeMethodAccessorImpl.invoke0(Native Method)
	at java.base/jdk.internal.reflect.NativeMethodAccessorImpl.invoke(NativeMethodAccessorImpl.java:62)
	at java.base/jdk.internal.reflect.DelegatingMethodAccessorImpl.invoke(DelegatingMethodAccessorImpl.java:43)
	at java.base/java.lang.reflect.Method.invoke(Method.java:566)
	at org.springframework.data.repository.core.support.RepositoryMethodInvoker$RepositoryFragmentMethodInvoker.lambda$new$0(RepositoryMethodInvoker.java:289)
	at org.springframework.data.repository.core.support.RepositoryMethodInvoker.doInvoke(RepositoryMethodInvoker.java:137)
	at org.springframework.data.repository.core.support.RepositoryMethodInvoker.invoke(RepositoryMethodInvoker.java:121)
	at org.springframework.data.repository.core.support.RepositoryComposition$RepositoryFragments.invoke(RepositoryComposition.java:530)
	at org.springframework.data.repository.core.support.RepositoryComposition.invoke(RepositoryComposition.java:286)
	at org.springframework.data.repository.core.support.RepositoryFactorySupport$ImplementationMethodExecutionInterceptor.invoke(RepositoryFactorySupport.java:640)
	at org.springframework.aop.framework.ReflectiveMethodInvocation.proceed(ReflectiveMethodInvocation.java:186)
	at org.springframework.data.repository.core.support.QueryExecutorMethodInterceptor.doInvoke(QueryExecutorMethodInterceptor.java:164)
	at org.springframework.data.repository.core.support.QueryExecutorMethodInterceptor.invoke(QueryExecutorMethodInterceptor.java:139)
	at org.springframework.aop.framework.ReflectiveMethodInvocation.proceed(ReflectiveMethodInvocation.java:186)
	at org.springframework.data.projection.DefaultMethodInvokingMethodInterceptor.invoke(DefaultMethodInvokingMethodInterceptor.java:81)
	at org.springframework.aop.framework.ReflectiveMethodInvocation.proceed(ReflectiveMethodInvocation.java:186)
	at org.springframework.transaction.interceptor.TransactionInterceptor$1.proceedWithInvocation(TransactionInterceptor.java:123)
	at org.springframework.transaction.interceptor.TransactionAspectSupport.invokeWithinTransaction(TransactionAspectSupport.java:388)
	at org.springframework.transaction.interceptor.TransactionInterceptor.invoke(TransactionInterceptor.java:119)
	at org.springframework.aop.framework.ReflectiveMethodInvocation.proceed(ReflectiveMethodInvocation.java:186)
	at org.springframework.dao.support.PersistenceExceptionTranslationInterceptor.invoke(PersistenceExceptionTranslationInterceptor.java:137)
	at org.springframework.aop.framework.ReflectiveMethodInvocation.proceed(ReflectiveMethodInvocation.java:186)
	at org.springframework.data.jpa.repository.support.CrudMethodMetadataPostProcessor$CrudMethodMetadataPopulatingMethodInterceptor.invoke(CrudMethodMetadataPostProcessor.java:174)
	at org.springframework.aop.framework.ReflectiveMethodInvocation.proceed(ReflectiveMethodInvocation.java:186)
	at org.springframework.aop.interceptor.ExposeInvocationInterceptor.invoke(ExposeInvocationInterceptor.java:97)
	at org.springframework.aop.framework.ReflectiveMethodInvocation.proceed(ReflectiveMethodInvocation.java:186)
	at org.springframework.aop.framework.JdkDynamicAopProxy.invoke(JdkDynamicAopProxy.java:215)
	at com.sun.proxy.$Proxy117.findAll(Unknown Source)
	at com.formationjava.pressing.servicies.impl.RoleServiceImpl.findAll(RoleServiceImpl.java:39)
	at com.formationjava.pressing.servicies.impl.RoleServiceImpl$$FastClassBySpringCGLIB$$82ab545f.invoke(<generated>)
	at org.springframework.cglib.proxy.MethodProxy.invoke(MethodProxy.java:218)
	at org.springframework.aop.framework.CglibAopProxy$CglibMethodInvocation.invokeJoinpoint(CglibAopProxy.java:793)
	at org.springframework.aop.framework.ReflectiveMethodInvocation.proceed(ReflectiveMethodInvocation.java:163)
	at org.springframework.aop.framework.CglibAopProxy$CglibMethodInvocation.proceed(CglibAopProxy.java:763)
	at org.springframework.transaction.interceptor.TransactionInterceptor$1.proceedWithInvocation(TransactionInterceptor.java:123)
	at org.springframework.transaction.interceptor.TransactionAspectSupport.invokeWithinTransaction(TransactionAspectSupport.java:388)
	at org.springframework.transaction.interceptor.TransactionInterceptor.invoke(TransactionInterceptor.java:119)
	at org.springframework.aop.framework.ReflectiveMethodInvocation.proceed(ReflectiveMethodInvocation.java:186)
	at org.springframework.aop.framework.CglibAopProxy$CglibMethodInvocation.proceed(CglibAopProxy.java:763)
	at org.springframework.aop.framework.CglibAopProxy$DynamicAdvisedInterceptor.intercept(CglibAopProxy.java:708)
	at com.formationjava.pressing.servicies.impl.RoleServiceImpl$$EnhancerBySpringCGLIB$$21cd2151.findAll(<generated>)
	at com.formationjava.pressing.web.RoleRessource.getAllRole(RoleRessource.java:59)
	at java.base/jdk.internal.reflect.NativeMethodAccessorImpl.invoke0(Native Method)
	at java.base/jdk.internal.reflect.NativeMethodAccessorImpl.invoke(NativeMethodAccessorImpl.java:62)
	at java.base/jdk.internal.reflect.DelegatingMethodAccessorImpl.invoke(DelegatingMethodAccessorImpl.java:43)
	at java.base/java.lang.reflect.Method.invoke(Method.java:566)
	at org.springframework.web.method.support.InvocableHandlerMethod.doInvoke(InvocableHandlerMethod.java:205)
	at org.springframework.web.method.support.InvocableHandlerMethod.invokeForRequest(InvocableHandlerMethod.java:150)
	at org.springframework.web.servlet.mvc.method.annotation.ServletInvocableHandlerMethod.invokeAndHandle(ServletInvocableHandlerMethod.java:117)
	at org.springframework.web.servlet.mvc.method.annotation.RequestMappingHandlerAdapter.invokeHandlerMethod(RequestMappingHandlerAdapter.java:895)
	at org.springframework.web.servlet.mvc.method.annotation.RequestMappingHandlerAdapter.handleInternal(RequestMappingHandlerAdapter.java:808)
	at org.springframework.web.servlet.mvc.method.AbstractHandlerMethodAdapter.handle(AbstractHandlerMethodAdapter.java:87)
	at org.springframework.web.servlet.DispatcherServlet.doDispatch(DispatcherServlet.java:1070)
	at org.springframework.web.servlet.DispatcherServlet.doService(DispatcherServlet.java:963)
	at org.springframework.web.servlet.FrameworkServlet.processRequest(FrameworkServlet.java:1006)
	at org.springframework.web.servlet.FrameworkServlet.doGet(FrameworkServlet.java:898)
	at javax.servlet.http.HttpServlet.service(HttpServlet.java:655)
	at org.springframework.web.servlet.FrameworkServlet.service(FrameworkServlet.java:883)
	at javax.servlet.http.HttpServlet.service(HttpServlet.java:764)
	at org.apache.catalina.core.ApplicationFilterChain.internalDoFilter(ApplicationFilterChain.java:227)
	at org.apache.catalina.core.ApplicationFilterChain.doFilter(ApplicationFilterChain.java:162)
	at org.apache.tomcat.websocket.server.WsFilter.doFilter(WsFilter.java:53)
	at org.apache.catalina.core.ApplicationFilterChain.internalDoFilter(ApplicationFilterChain.java:189)
	at org.apache.catalina.core.ApplicationFilterChain.doFilter(ApplicationFilterChain.java:162)
	at org.springframework.web.filter.RequestContextFilter.doFilterInternal(RequestContextFilter.java:100)
	at org.springframework.web.filter.OncePerRequestFilter.doFilter(OncePerRequestFilter.java:117)
	at org.apache.catalina.core.ApplicationFilterChain.internalDoFilter(ApplicationFilterChain.java:189)
	at org.apache.catalina.core.ApplicationFilterChain.doFilter(ApplicationFilterChain.java:162)
	at org.springframework.web.filter.FormContentFilter.doFilterInternal(FormContentFilter.java:93)
	at org.springframework.web.filter.OncePerRequestFilter.doFilter(OncePerRequestFilter.java:117)
	at org.apache.catalina.core.ApplicationFilterChain.internalDoFilter(ApplicationFilterChain.java:189)
	at org.apache.catalina.core.ApplicationFilterChain.doFilter(ApplicationFilterChain.java:162)
	at org.springframework.web.filter.CharacterEncodingFilter.doFilterInternal(CharacterEncodingFilter.java:201)
	at org.springframework.web.filter.OncePerRequestFilter.doFilter(OncePerRequestFilter.java:117)
	at org.apache.catalina.core.ApplicationFilterChain.internalDoFilter(ApplicationFilterChain.java:189)
	at org.apache.catalina.core.ApplicationFilterChain.doFilter(ApplicationFilterChain.java:162)
	at org.apache.catalina.core.StandardWrapperValve.invoke(StandardWrapperValve.java:197)
	at org.apache.catalina.core.StandardContextValve.invoke(StandardContextValve.java:97)
	at org.apache.catalina.authenticator.AuthenticatorBase.invoke(AuthenticatorBase.java:541)
	at org.apache.catalina.core.StandardHostValve.invoke(StandardHostValve.java:135)
	at org.apache.catalina.valves.ErrorReportValve.invoke(ErrorReportValve.java:92)
	at org.apache.catalina.core.StandardEngineValve.invoke(StandardEngineValve.java:78)
	at org.apache.catalina.connector.CoyoteAdapter.service(CoyoteAdapter.java:360)
	at org.apache.coyote.http11.Http11Processor.service(Http11Processor.java:399)
	at org.apache.coyote.AbstractProcessorLight.process(AbstractProcessorLight.java:65)
	at org.apache.coyote.AbstractProtocol$ConnectionHandler.process(AbstractProtocol.java:890)
	at org.apache.tomcat.util.net.NioEndpoint$SocketProcessor.doRun(NioEndpoint.java:1789)
	at org.apache.tomcat.util.net.SocketProcessorBase.run(SocketProcessorBase.java:49)
	at org.apache.tomcat.util.threads.ThreadPoolExecutor.runWorker(ThreadPoolExecutor.java:1191)
	at org.apache.tomcat.util.threads.ThreadPoolExecutor$Worker.run(ThreadPoolExecutor.java:659)
	at org.apache.tomcat.util.threads.TaskThread$WrappingRunnable.run(TaskThread.java:61)
	at java.base/java.lang.Thread.run(Thread.java:829)

2022-08-26 01:40:32.676  INFO 7628 --- [SpringApplicationShutdownHook] j.LocalContainerEntityManagerFactoryBean : Closing JPA EntityManagerFactory for persistence unit 'default'
2022-08-26 01:40:32.682  INFO 7628 --- [SpringApplicationShutdownHook] com.zaxxer.hikari.HikariDataSource       : Hikari - Shutdown initiated...
2022-08-26 01:40:32.721  INFO 7628 --- [SpringApplicationShutdownHook] com.zaxxer.hikari.HikariDataSource       : Hikari - Shutdown completed.
2022-08-26 01:40:44.685  INFO 7524 --- [restartedMain] c.f.pressing.PressingApplication         : Starting PressingApplication using Java 11.0.16.1 on DESKTOP-N0B6C99 with PID 7524 (D:\developpements\java\pressing\target\classes started by Romaric in D:\developpements\java\pressing)
2022-08-26 01:40:44.689  INFO 7524 --- [restartedMain] c.f.pressing.PressingApplication         : No active profile set, falling back to 1 default profile: "default"
2022-08-26 01:40:44.795  INFO 7524 --- [restartedMain] .e.DevToolsPropertyDefaultsPostProcessor : Devtools property defaults active! Set 'spring.devtools.add-properties' to 'false' to disable
2022-08-26 01:40:44.795  INFO 7524 --- [restartedMain] .e.DevToolsPropertyDefaultsPostProcessor : For additional web related logging consider setting the 'logging.level.web' property to 'DEBUG'
2022-08-26 01:40:46.405  INFO 7524 --- [restartedMain] .s.d.r.c.RepositoryConfigurationDelegate : Bootstrapping Spring Data JPA repositories in DEFAULT mode.
2022-08-26 01:40:46.516  INFO 7524 --- [restartedMain] .s.d.r.c.RepositoryConfigurationDelegate : Finished Spring Data repository scanning in 91 ms. Found 2 JPA repository interfaces.
2022-08-26 01:40:47.671  INFO 7524 --- [restartedMain] o.s.b.w.embedded.tomcat.TomcatWebServer  : Tomcat initialized with port(s): 8081 (http)
2022-08-26 01:40:47.687  INFO 7524 --- [restartedMain] o.apache.catalina.core.StandardService   : Starting service [Tomcat]
2022-08-26 01:40:47.687  INFO 7524 --- [restartedMain] org.apache.catalina.core.StandardEngine  : Starting Servlet engine: [Apache Tomcat/9.0.65]
2022-08-26 01:40:47.849  INFO 7524 --- [restartedMain] o.a.c.c.C.[Tomcat].[localhost].[/]       : Initializing Spring embedded WebApplicationContext
2022-08-26 01:40:47.850  INFO 7524 --- [restartedMain] w.s.c.ServletWebServerApplicationContext : Root WebApplicationContext: initialization completed in 3054 ms
2022-08-26 01:40:48.071  INFO 7524 --- [restartedMain] o.hibernate.jpa.internal.util.LogHelper  : HHH000204: Processing PersistenceUnitInfo [name: default]
2022-08-26 01:40:48.143  INFO 7524 --- [restartedMain] org.hibernate.Version                    : HHH000412: Hibernate ORM core version 5.6.10.Final
2022-08-26 01:40:48.400  INFO 7524 --- [restartedMain] o.hibernate.annotations.common.Version   : HCANN000001: Hibernate Commons Annotations {5.1.2.Final}
2022-08-26 01:40:48.590  INFO 7524 --- [restartedMain] com.zaxxer.hikari.HikariDataSource       : Hikari - Starting...
2022-08-26 01:40:48.827  INFO 7524 --- [restartedMain] com.zaxxer.hikari.pool.HikariPool        : Hikari - Added connection com.mysql.cj.jdbc.ConnectionImpl@46be4c90
2022-08-26 01:40:48.834  INFO 7524 --- [restartedMain] com.zaxxer.hikari.HikariDataSource       : Hikari - Start completed.
2022-08-26 01:40:48.863  INFO 7524 --- [restartedMain] org.hibernate.dialect.Dialect            : HHH000400: Using dialect: org.hibernate.dialect.MySQL57Dialect
2022-08-26 01:40:49.948  INFO 7524 --- [restartedMain] org.hibernate.orm.connections.access     : HHH10001501: Connection obtained from JdbcConnectionAccess [org.hibernate.engine.jdbc.env.internal.JdbcEnvironmentInitiator$ConnectionProviderJdbcConnectionAccess@4abb45a] for (non-JTA) DDL execution was not in auto-commit mode; the Connection 'local transaction' will be committed and the Connection will be set into auto-commit mode.
2022-08-26 01:40:50.039  INFO 7524 --- [restartedMain] o.h.e.t.j.p.i.JtaPlatformInitiator       : HHH000490: Using JtaPlatform implementation: [org.hibernate.engine.transaction.jta.platform.internal.NoJtaPlatform]
2022-08-26 01:40:50.053  INFO 7524 --- [restartedMain] j.LocalContainerEntityManagerFactoryBean : Initialized JPA EntityManagerFactory for persistence unit 'default'
2022-08-26 01:40:50.726  WARN 7524 --- [restartedMain] JpaBaseConfiguration$JpaWebConfiguration : spring.jpa.open-in-view is enabled by default. Therefore, database queries may be performed during view rendering. Explicitly configure spring.jpa.open-in-view to disable this warning
2022-08-26 01:40:52.073  INFO 7524 --- [restartedMain] o.s.b.d.a.OptionalLiveReloadServer       : LiveReload server is running on port 35729
2022-08-26 01:40:52.136  INFO 7524 --- [restartedMain] o.s.b.w.embedded.tomcat.TomcatWebServer  : Tomcat started on port(s): 8081 (http) with context path ''
2022-08-26 01:40:52.159  INFO 7524 --- [restartedMain] c.f.pressing.PressingApplication         : Started PressingApplication in 8.44 seconds (JVM running for 10.563)
2022-08-26 01:41:02.387  INFO 7524 --- [http-nio-8081-exec-1] o.a.c.c.C.[Tomcat].[localhost].[/]       : Initializing Spring DispatcherServlet 'dispatcherServlet'
2022-08-26 01:41:02.388  INFO 7524 --- [http-nio-8081-exec-1] o.s.web.servlet.DispatcherServlet        : Initializing Servlet 'dispatcherServlet'
2022-08-26 01:41:02.390  INFO 7524 --- [http-nio-8081-exec-1] o.s.web.servlet.DispatcherServlet        : Completed initialization in 1 ms
2022-08-26 01:41:03.420  INFO 7524 --- [http-nio-8081-exec-7] o.springdoc.api.AbstractOpenApiResource  : Init duration for springdoc-openapi is: 608 ms
2022-08-26 01:44:01.098  INFO 7524 --- [SpringApplicationShutdownHook] j.LocalContainerEntityManagerFactoryBean : Closing JPA EntityManagerFactory for persistence unit 'default'
2022-08-26 01:44:01.103  INFO 7524 --- [SpringApplicationShutdownHook] com.zaxxer.hikari.HikariDataSource       : Hikari - Shutdown initiated...
2022-08-26 01:44:01.125  INFO 7524 --- [SpringApplicationShutdownHook] com.zaxxer.hikari.HikariDataSource       : Hikari - Shutdown completed.
