2022-08-27 13:08:31.059  INFO 16469 --- [restartedMain] c.f.pressing.PressingApplication         : Starting PressingApplication using Java 11.0.15 on 192.168.1.3 with PID 16469 (/Users/thv/workspaces-backend/java/presssing/target/classes started by thv in /Users/thv/workspaces-backend/java/presssing)
2022-08-27 13:08:31.060  INFO 16469 --- [restartedMain] c.f.pressing.PressingApplication         : No active profile set, falling back to 1 default profile: "default"
2022-08-27 13:08:31.111  INFO 16469 --- [restartedMain] .e.DevToolsPropertyDefaultsPostProcessor : Devtools property defaults active! Set 'spring.devtools.add-properties' to 'false' to disable
2022-08-27 13:08:31.111  INFO 16469 --- [restartedMain] .e.DevToolsPropertyDefaultsPostProcessor : For additional web related logging consider setting the 'logging.level.web' property to 'DEBUG'
2022-08-27 13:08:31.744  INFO 16469 --- [restartedMain] .s.d.r.c.RepositoryConfigurationDelegate : Bootstrapping Spring Data JPA repositories in DEFAULT mode.
2022-08-27 13:08:31.797  INFO 16469 --- [restartedMain] .s.d.r.c.RepositoryConfigurationDelegate : Finished Spring Data repository scanning in 42 ms. Found 2 JPA repository interfaces.
2022-08-27 13:08:32.366  INFO 16469 --- [restartedMain] o.s.b.w.embedded.tomcat.TomcatWebServer  : Tomcat initialized with port(s): 8081 (http)
2022-08-27 13:08:32.377  INFO 16469 --- [restartedMain] o.apache.catalina.core.StandardService   : Starting service [Tomcat]
2022-08-27 13:08:32.377  INFO 16469 --- [restartedMain] org.apache.catalina.core.StandardEngine  : Starting Servlet engine: [Apache Tomcat/9.0.65]
2022-08-27 13:08:32.439  INFO 16469 --- [restartedMain] o.a.c.c.C.[Tomcat].[localhost].[/]       : Initializing Spring embedded WebApplicationContext
2022-08-27 13:08:32.439  INFO 16469 --- [restartedMain] w.s.c.ServletWebServerApplicationContext : Root WebApplicationContext: initialization completed in 1327 ms
2022-08-27 13:08:32.569  INFO 16469 --- [restartedMain] o.hibernate.jpa.internal.util.LogHelper  : HHH000204: Processing PersistenceUnitInfo [name: default]
2022-08-27 13:08:32.631  INFO 16469 --- [restartedMain] org.hibernate.Version                    : HHH000412: Hibernate ORM core version 5.6.10.Final
2022-08-27 13:08:32.747  INFO 16469 --- [restartedMain] o.hibernate.annotations.common.Version   : HCANN000001: Hibernate Commons Annotations {5.1.2.Final}
2022-08-27 13:08:32.843  INFO 16469 --- [restartedMain] com.zaxxer.hikari.HikariDataSource       : Hikari - Starting...
2022-08-27 13:08:33.021  INFO 16469 --- [restartedMain] com.zaxxer.hikari.pool.HikariPool        : Hikari - Added connection com.mysql.cj.jdbc.ConnectionImpl@558e396
2022-08-27 13:08:33.024  INFO 16469 --- [restartedMain] com.zaxxer.hikari.HikariDataSource       : Hikari - Start completed.
2022-08-27 13:08:33.045  INFO 16469 --- [restartedMain] org.hibernate.dialect.Dialect            : HHH000400: Using dialect: org.hibernate.dialect.MySQL57Dialect
2022-08-27 13:08:33.569  INFO 16469 --- [restartedMain] org.hibernate.orm.connections.access     : HHH10001501: Connection obtained from JdbcConnectionAccess [org.hibernate.engine.jdbc.env.internal.JdbcEnvironmentInitiator$ConnectionProviderJdbcConnectionAccess@4f241716] for (non-JTA) DDL execution was not in auto-commit mode; the Connection 'local transaction' will be committed and the Connection will be set into auto-commit mode.
2022-08-27 13:08:33.616  INFO 16469 --- [restartedMain] o.h.e.t.j.p.i.JtaPlatformInitiator       : HHH000490: Using JtaPlatform implementation: [org.hibernate.engine.transaction.jta.platform.internal.NoJtaPlatform]
2022-08-27 13:08:33.625  INFO 16469 --- [restartedMain] j.LocalContainerEntityManagerFactoryBean : Initialized JPA EntityManagerFactory for persistence unit 'default'
2022-08-27 13:08:34.010  WARN 16469 --- [restartedMain] JpaBaseConfiguration$JpaWebConfiguration : spring.jpa.open-in-view is enabled by default. Therefore, database queries may be performed during view rendering. Explicitly configure spring.jpa.open-in-view to disable this warning
2022-08-27 13:08:34.551  INFO 16469 --- [restartedMain] o.s.b.d.a.OptionalLiveReloadServer       : LiveReload server is running on port 35729
2022-08-27 13:08:34.587  INFO 16469 --- [restartedMain] o.s.b.w.embedded.tomcat.TomcatWebServer  : Tomcat started on port(s): 8081 (http) with context path ''
2022-08-27 13:08:34.598  INFO 16469 --- [restartedMain] c.f.pressing.PressingApplication         : Started PressingApplication in 4.064 seconds (JVM running for 4.534)
2022-08-27 13:08:52.634  INFO 16469 --- [http-nio-8081-exec-1] o.a.c.c.C.[Tomcat].[localhost].[/]       : Initializing Spring DispatcherServlet 'dispatcherServlet'
2022-08-27 13:08:52.635  INFO 16469 --- [http-nio-8081-exec-1] o.s.web.servlet.DispatcherServlet        : Initializing Servlet 'dispatcherServlet'
2022-08-27 13:08:52.636  INFO 16469 --- [http-nio-8081-exec-1] o.s.web.servlet.DispatcherServlet        : Completed initialization in 1 ms
2022-08-27 13:08:53.269  INFO 16469 --- [http-nio-8081-exec-8] o.springdoc.api.AbstractOpenApiResource  : Init duration for springdoc-openapi is: 257 ms
2022-08-27 13:10:22.214 ERROR 16469 --- [http-nio-8081-exec-5] o.a.c.c.C.[.[.[/].[dispatcherServlet]    : Servlet.service() for servlet [dispatcherServlet] in context with path [] threw exception [Request processing failed; nested exception is java.lang.NullPointerException] with root cause

java.lang.NullPointerException: null
	at com.formationjava.pressing.servicies.impl.RoleServiceImpl.lambda$delete$1(RoleServiceImpl.java:79)
	at java.base/java.util.Optional.ifPresent(Optional.java:183)
	at com.formationjava.pressing.servicies.impl.RoleServiceImpl.delete(RoleServiceImpl.java:78)
	at com.formationjava.pressing.servicies.impl.RoleServiceImpl$$FastClassBySpringCGLIB$$82ab545f.invoke(<generated>)
	at org.springframework.cglib.proxy.MethodProxy.invoke(MethodProxy.java:218)
	at org.springframework.aop.framework.CglibAopProxy$CglibMethodInvocation.invokeJoinpoint(CglibAopProxy.java:793)
	at org.springframework.aop.framework.ReflectiveMethodInvocation.proceed(ReflectiveMethodInvocation.java:163)
	at org.springframework.aop.framework.CglibAopProxy$CglibMethodInvocation.proceed(CglibAopProxy.java:763)
	at org.springframework.transaction.interceptor.TransactionInterceptor$1.proceedWithInvocation(TransactionInterceptor.java:123)
	at org.springframework.transaction.interceptor.TransactionAspectSupport.invokeWithinTransaction(TransactionAspectSupport.java:388)
	at org.springframework.transaction.interceptor.TransactionInterceptor.invoke(TransactionInterceptor.java:119)
	at org.springframework.aop.framework.ReflectiveMethodInvocation.proceed(ReflectiveMethodInvocation.java:186)
	at org.springframework.aop.framework.CglibAopProxy$CglibMethodInvocation.proceed(CglibAopProxy.java:763)
	at org.springframework.aop.framework.CglibAopProxy$DynamicAdvisedInterceptor.intercept(CglibAopProxy.java:708)
	at com.formationjava.pressing.servicies.impl.RoleServiceImpl$$EnhancerBySpringCGLIB$$58347231.delete(<generated>)
	at com.formationjava.pressing.web.RoleRessource.lambda$deleteRole$0(RoleRessource.java:175)
	at java.base/java.util.Optional.ifPresent(Optional.java:183)
	at com.formationjava.pressing.web.RoleRessource.deleteRole(RoleRessource.java:174)
	at java.base/jdk.internal.reflect.NativeMethodAccessorImpl.invoke0(Native Method)
	at java.base/jdk.internal.reflect.NativeMethodAccessorImpl.invoke(NativeMethodAccessorImpl.java:62)
	at java.base/jdk.internal.reflect.DelegatingMethodAccessorImpl.invoke(DelegatingMethodAccessorImpl.java:43)
	at java.base/java.lang.reflect.Method.invoke(Method.java:566)
	at org.springframework.web.method.support.InvocableHandlerMethod.doInvoke(InvocableHandlerMethod.java:205)
	at org.springframework.web.method.support.InvocableHandlerMethod.invokeForRequest(InvocableHandlerMethod.java:150)
	at org.springframework.web.servlet.mvc.method.annotation.ServletInvocableHandlerMethod.invokeAndHandle(ServletInvocableHandlerMethod.java:117)
	at org.springframework.web.servlet.mvc.method.annotation.RequestMappingHandlerAdapter.invokeHandlerMethod(RequestMappingHandlerAdapter.java:895)
	at org.springframework.web.servlet.mvc.method.annotation.RequestMappingHandlerAdapter.handleInternal(RequestMappingHandlerAdapter.java:808)
	at org.springframework.web.servlet.mvc.method.AbstractHandlerMethodAdapter.handle(AbstractHandlerMethodAdapter.java:87)
	at org.springframework.web.servlet.DispatcherServlet.doDispatch(DispatcherServlet.java:1070)
	at org.springframework.web.servlet.DispatcherServlet.doService(DispatcherServlet.java:963)
	at org.springframework.web.servlet.FrameworkServlet.processRequest(FrameworkServlet.java:1006)
	at org.springframework.web.servlet.FrameworkServlet.doDelete(FrameworkServlet.java:931)
	at javax.servlet.http.HttpServlet.service(HttpServlet.java:687)
	at org.springframework.web.servlet.FrameworkServlet.service(FrameworkServlet.java:883)
	at javax.servlet.http.HttpServlet.service(HttpServlet.java:764)
	at org.apache.catalina.core.ApplicationFilterChain.internalDoFilter(ApplicationFilterChain.java:227)
	at org.apache.catalina.core.ApplicationFilterChain.doFilter(ApplicationFilterChain.java:162)
	at org.apache.tomcat.websocket.server.WsFilter.doFilter(WsFilter.java:53)
	at org.apache.catalina.core.ApplicationFilterChain.internalDoFilter(ApplicationFilterChain.java:189)
	at org.apache.catalina.core.ApplicationFilterChain.doFilter(ApplicationFilterChain.java:162)
	at org.springframework.web.filter.RequestContextFilter.doFilterInternal(RequestContextFilter.java:100)
	at org.springframework.web.filter.OncePerRequestFilter.doFilter(OncePerRequestFilter.java:117)
	at org.apache.catalina.core.ApplicationFilterChain.internalDoFilter(ApplicationFilterChain.java:189)
	at org.apache.catalina.core.ApplicationFilterChain.doFilter(ApplicationFilterChain.java:162)
	at org.springframework.web.filter.FormContentFilter.doFilterInternal(FormContentFilter.java:93)
	at org.springframework.web.filter.OncePerRequestFilter.doFilter(OncePerRequestFilter.java:117)
	at org.apache.catalina.core.ApplicationFilterChain.internalDoFilter(ApplicationFilterChain.java:189)
	at org.apache.catalina.core.ApplicationFilterChain.doFilter(ApplicationFilterChain.java:162)
	at org.springframework.web.filter.CharacterEncodingFilter.doFilterInternal(CharacterEncodingFilter.java:201)
	at org.springframework.web.filter.OncePerRequestFilter.doFilter(OncePerRequestFilter.java:117)
	at org.apache.catalina.core.ApplicationFilterChain.internalDoFilter(ApplicationFilterChain.java:189)
	at org.apache.catalina.core.ApplicationFilterChain.doFilter(ApplicationFilterChain.java:162)
	at org.apache.catalina.core.StandardWrapperValve.invoke(StandardWrapperValve.java:197)
	at org.apache.catalina.core.StandardContextValve.invoke(StandardContextValve.java:97)
	at org.apache.catalina.authenticator.AuthenticatorBase.invoke(AuthenticatorBase.java:541)
	at org.apache.catalina.core.StandardHostValve.invoke(StandardHostValve.java:135)
	at org.apache.catalina.valves.ErrorReportValve.invoke(ErrorReportValve.java:92)
	at org.apache.catalina.core.StandardEngineValve.invoke(StandardEngineValve.java:78)
	at org.apache.catalina.connector.CoyoteAdapter.service(CoyoteAdapter.java:360)
	at org.apache.coyote.http11.Http11Processor.service(Http11Processor.java:399)
	at org.apache.coyote.AbstractProcessorLight.process(AbstractProcessorLight.java:65)
	at org.apache.coyote.AbstractProtocol$ConnectionHandler.process(AbstractProtocol.java:890)
	at org.apache.tomcat.util.net.NioEndpoint$SocketProcessor.doRun(NioEndpoint.java:1789)
	at org.apache.tomcat.util.net.SocketProcessorBase.run(SocketProcessorBase.java:49)
	at org.apache.tomcat.util.threads.ThreadPoolExecutor.runWorker(ThreadPoolExecutor.java:1191)
	at org.apache.tomcat.util.threads.ThreadPoolExecutor$Worker.run(ThreadPoolExecutor.java:659)
	at org.apache.tomcat.util.threads.TaskThread$WrappingRunnable.run(TaskThread.java:61)
	at java.base/java.lang.Thread.run(Thread.java:829)

2022-08-27 13:11:09.488  INFO 16469 --- [SpringApplicationShutdownHook] j.LocalContainerEntityManagerFactoryBean : Closing JPA EntityManagerFactory for persistence unit 'default'
2022-08-27 13:11:09.494  INFO 16469 --- [SpringApplicationShutdownHook] com.zaxxer.hikari.HikariDataSource       : Hikari - Shutdown initiated...
2022-08-27 13:11:09.505  INFO 16469 --- [SpringApplicationShutdownHook] com.zaxxer.hikari.HikariDataSource       : Hikari - Shutdown completed.
2022-08-27 13:14:31.743  INFO 16678 --- [restartedMain] c.f.pressing.PressingApplication         : Starting PressingApplication using Java 11.0.15 on 192.168.1.3 with PID 16678 (/Users/thv/workspaces-backend/java/presssing/target/classes started by thv in /Users/thv/workspaces-backend/java/presssing)
2022-08-27 13:14:31.745  INFO 16678 --- [restartedMain] c.f.pressing.PressingApplication         : No active profile set, falling back to 1 default profile: "default"
2022-08-27 13:14:31.795  INFO 16678 --- [restartedMain] .e.DevToolsPropertyDefaultsPostProcessor : Devtools property defaults active! Set 'spring.devtools.add-properties' to 'false' to disable
2022-08-27 13:14:31.795  INFO 16678 --- [restartedMain] .e.DevToolsPropertyDefaultsPostProcessor : For additional web related logging consider setting the 'logging.level.web' property to 'DEBUG'
2022-08-27 13:14:32.376  INFO 16678 --- [restartedMain] .s.d.r.c.RepositoryConfigurationDelegate : Bootstrapping Spring Data JPA repositories in DEFAULT mode.
2022-08-27 13:14:32.423  INFO 16678 --- [restartedMain] .s.d.r.c.RepositoryConfigurationDelegate : Finished Spring Data repository scanning in 38 ms. Found 2 JPA repository interfaces.
2022-08-27 13:14:32.980  INFO 16678 --- [restartedMain] o.s.b.w.embedded.tomcat.TomcatWebServer  : Tomcat initialized with port(s): 8081 (http)
2022-08-27 13:14:32.990  INFO 16678 --- [restartedMain] o.apache.catalina.core.StandardService   : Starting service [Tomcat]
2022-08-27 13:14:32.990  INFO 16678 --- [restartedMain] org.apache.catalina.core.StandardEngine  : Starting Servlet engine: [Apache Tomcat/9.0.65]
2022-08-27 13:14:33.049  INFO 16678 --- [restartedMain] o.a.c.c.C.[Tomcat].[localhost].[/]       : Initializing Spring embedded WebApplicationContext
2022-08-27 13:14:33.049  INFO 16678 --- [restartedMain] w.s.c.ServletWebServerApplicationContext : Root WebApplicationContext: initialization completed in 1253 ms
2022-08-27 13:14:33.166  INFO 16678 --- [restartedMain] o.hibernate.jpa.internal.util.LogHelper  : HHH000204: Processing PersistenceUnitInfo [name: default]
2022-08-27 13:14:33.223  INFO 16678 --- [restartedMain] org.hibernate.Version                    : HHH000412: Hibernate ORM core version 5.6.10.Final
2022-08-27 13:14:33.328  INFO 16678 --- [restartedMain] o.hibernate.annotations.common.Version   : HCANN000001: Hibernate Commons Annotations {5.1.2.Final}
2022-08-27 13:14:33.413  INFO 16678 --- [restartedMain] com.zaxxer.hikari.HikariDataSource       : Hikari - Starting...
2022-08-27 13:14:33.553  INFO 16678 --- [restartedMain] com.zaxxer.hikari.pool.HikariPool        : Hikari - Added connection com.mysql.cj.jdbc.ConnectionImpl@10d1d4c0
2022-08-27 13:14:33.555  INFO 16678 --- [restartedMain] com.zaxxer.hikari.HikariDataSource       : Hikari - Start completed.
2022-08-27 13:14:33.570  INFO 16678 --- [restartedMain] org.hibernate.dialect.Dialect            : HHH000400: Using dialect: org.hibernate.dialect.MySQL57Dialect
2022-08-27 13:14:34.038  INFO 16678 --- [restartedMain] org.hibernate.orm.connections.access     : HHH10001501: Connection obtained from JdbcConnectionAccess [org.hibernate.engine.jdbc.env.internal.JdbcEnvironmentInitiator$ConnectionProviderJdbcConnectionAccess@1e790eef] for (non-JTA) DDL execution was not in auto-commit mode; the Connection 'local transaction' will be committed and the Connection will be set into auto-commit mode.
2022-08-27 13:14:34.082  INFO 16678 --- [restartedMain] o.h.e.t.j.p.i.JtaPlatformInitiator       : HHH000490: Using JtaPlatform implementation: [org.hibernate.engine.transaction.jta.platform.internal.NoJtaPlatform]
2022-08-27 13:14:34.088  INFO 16678 --- [restartedMain] j.LocalContainerEntityManagerFactoryBean : Initialized JPA EntityManagerFactory for persistence unit 'default'
2022-08-27 13:14:34.370  WARN 16678 --- [restartedMain] JpaBaseConfiguration$JpaWebConfiguration : spring.jpa.open-in-view is enabled by default. Therefore, database queries may be performed during view rendering. Explicitly configure spring.jpa.open-in-view to disable this warning
2022-08-27 13:14:34.861  INFO 16678 --- [restartedMain] o.s.b.d.a.OptionalLiveReloadServer       : LiveReload server is running on port 35729
2022-08-27 13:14:34.884  INFO 16678 --- [restartedMain] o.s.b.w.embedded.tomcat.TomcatWebServer  : Tomcat started on port(s): 8081 (http) with context path ''
2022-08-27 13:14:34.894  INFO 16678 --- [restartedMain] c.f.pressing.PressingApplication         : Started PressingApplication in 3.552 seconds (JVM running for 3.915)
2022-08-27 13:15:10.341  INFO 16678 --- [http-nio-8081-exec-1] o.a.c.c.C.[Tomcat].[localhost].[/]       : Initializing Spring DispatcherServlet 'dispatcherServlet'
2022-08-27 13:15:10.342  INFO 16678 --- [http-nio-8081-exec-1] o.s.web.servlet.DispatcherServlet        : Initializing Servlet 'dispatcherServlet'
2022-08-27 13:15:10.343  INFO 16678 --- [http-nio-8081-exec-1] o.s.web.servlet.DispatcherServlet        : Completed initialization in 1 ms
2022-08-27 13:15:10.687  INFO 16678 --- [http-nio-8081-exec-2] o.springdoc.api.AbstractOpenApiResource  : Init duration for springdoc-openapi is: 233 ms
2022-08-27 13:48:57.526  INFO 16678 --- [SpringApplicationShutdownHook] j.LocalContainerEntityManagerFactoryBean : Closing JPA EntityManagerFactory for persistence unit 'default'
2022-08-27 13:48:57.532  INFO 16678 --- [SpringApplicationShutdownHook] com.zaxxer.hikari.HikariDataSource       : Hikari - Shutdown initiated...
2022-08-27 13:48:57.539  INFO 16678 --- [SpringApplicationShutdownHook] com.zaxxer.hikari.HikariDataSource       : Hikari - Shutdown completed.
2022-08-27 13:49:27.531  INFO 17473 --- [restartedMain] c.f.pressing.PressingApplication         : Starting PressingApplication using Java 11.0.15 on 192.168.1.3 with PID 17473 (/Users/thv/workspaces-backend/java/presssing/target/classes started by thv in /Users/thv/workspaces-backend/java/presssing)
2022-08-27 13:49:27.532  INFO 17473 --- [restartedMain] c.f.pressing.PressingApplication         : No active profile set, falling back to 1 default profile: "default"
2022-08-27 13:49:27.581  INFO 17473 --- [restartedMain] .e.DevToolsPropertyDefaultsPostProcessor : Devtools property defaults active! Set 'spring.devtools.add-properties' to 'false' to disable
2022-08-27 13:49:27.581  INFO 17473 --- [restartedMain] .e.DevToolsPropertyDefaultsPostProcessor : For additional web related logging consider setting the 'logging.level.web' property to 'DEBUG'
2022-08-27 13:49:28.145  INFO 17473 --- [restartedMain] .s.d.r.c.RepositoryConfigurationDelegate : Bootstrapping Spring Data JPA repositories in DEFAULT mode.
2022-08-27 13:49:28.188  INFO 17473 --- [restartedMain] .s.d.r.c.RepositoryConfigurationDelegate : Finished Spring Data repository scanning in 34 ms. Found 2 JPA repository interfaces.
2022-08-27 13:49:28.737  INFO 17473 --- [restartedMain] o.s.b.w.embedded.tomcat.TomcatWebServer  : Tomcat initialized with port(s): 8081 (http)
2022-08-27 13:49:28.747  INFO 17473 --- [restartedMain] o.apache.catalina.core.StandardService   : Starting service [Tomcat]
2022-08-27 13:49:28.747  INFO 17473 --- [restartedMain] org.apache.catalina.core.StandardEngine  : Starting Servlet engine: [Apache Tomcat/9.0.65]
2022-08-27 13:49:28.806  INFO 17473 --- [restartedMain] o.a.c.c.C.[Tomcat].[localhost].[/]       : Initializing Spring embedded WebApplicationContext
2022-08-27 13:49:28.806  INFO 17473 --- [restartedMain] w.s.c.ServletWebServerApplicationContext : Root WebApplicationContext: initialization completed in 1224 ms
2022-08-27 13:49:28.919  INFO 17473 --- [restartedMain] o.hibernate.jpa.internal.util.LogHelper  : HHH000204: Processing PersistenceUnitInfo [name: default]
2022-08-27 13:49:28.968  INFO 17473 --- [restartedMain] org.hibernate.Version                    : HHH000412: Hibernate ORM core version 5.6.10.Final
2022-08-27 13:49:29.086  INFO 17473 --- [restartedMain] o.hibernate.annotations.common.Version   : HCANN000001: Hibernate Commons Annotations {5.1.2.Final}
2022-08-27 13:49:29.159  INFO 17473 --- [restartedMain] com.zaxxer.hikari.HikariDataSource       : Hikari - Starting...
2022-08-27 13:49:29.286  INFO 17473 --- [restartedMain] com.zaxxer.hikari.pool.HikariPool        : Hikari - Added connection com.mysql.cj.jdbc.ConnectionImpl@428dbe1
2022-08-27 13:49:29.288  INFO 17473 --- [restartedMain] com.zaxxer.hikari.HikariDataSource       : Hikari - Start completed.
2022-08-27 13:49:29.303  INFO 17473 --- [restartedMain] org.hibernate.dialect.Dialect            : HHH000400: Using dialect: org.hibernate.dialect.MySQL57Dialect
2022-08-27 13:49:29.752  INFO 17473 --- [restartedMain] org.hibernate.orm.connections.access     : HHH10001501: Connection obtained from JdbcConnectionAccess [org.hibernate.engine.jdbc.env.internal.JdbcEnvironmentInitiator$ConnectionProviderJdbcConnectionAccess@5c88eb9e] for (non-JTA) DDL execution was not in auto-commit mode; the Connection 'local transaction' will be committed and the Connection will be set into auto-commit mode.
2022-08-27 13:49:29.794  INFO 17473 --- [restartedMain] o.h.e.t.j.p.i.JtaPlatformInitiator       : HHH000490: Using JtaPlatform implementation: [org.hibernate.engine.transaction.jta.platform.internal.NoJtaPlatform]
2022-08-27 13:49:29.800  INFO 17473 --- [restartedMain] j.LocalContainerEntityManagerFactoryBean : Initialized JPA EntityManagerFactory for persistence unit 'default'
2022-08-27 13:49:30.105  WARN 17473 --- [restartedMain] JpaBaseConfiguration$JpaWebConfiguration : spring.jpa.open-in-view is enabled by default. Therefore, database queries may be performed during view rendering. Explicitly configure spring.jpa.open-in-view to disable this warning
2022-08-27 13:49:30.593  INFO 17473 --- [restartedMain] o.s.b.d.a.OptionalLiveReloadServer       : LiveReload server is running on port 35729
2022-08-27 13:49:30.616  INFO 17473 --- [restartedMain] o.s.b.w.embedded.tomcat.TomcatWebServer  : Tomcat started on port(s): 8081 (http) with context path ''
2022-08-27 13:49:30.625  INFO 17473 --- [restartedMain] c.f.pressing.PressingApplication         : Started PressingApplication in 3.487 seconds (JVM running for 3.848)
2022-08-27 13:50:50.802  INFO 17473 --- [http-nio-8081-exec-1] o.a.c.c.C.[Tomcat].[localhost].[/]       : Initializing Spring DispatcherServlet 'dispatcherServlet'
2022-08-27 13:50:50.804  INFO 17473 --- [http-nio-8081-exec-1] o.s.web.servlet.DispatcherServlet        : Initializing Servlet 'dispatcherServlet'
2022-08-27 13:50:50.805  INFO 17473 --- [http-nio-8081-exec-1] o.s.web.servlet.DispatcherServlet        : Completed initialization in 1 ms
2022-08-27 13:50:51.147  INFO 17473 --- [http-nio-8081-exec-2] o.springdoc.api.AbstractOpenApiResource  : Init duration for springdoc-openapi is: 218 ms
2022-08-27 13:58:52.645  INFO 17473 --- [SpringApplicationShutdownHook] j.LocalContainerEntityManagerFactoryBean : Closing JPA EntityManagerFactory for persistence unit 'default'
2022-08-27 13:58:52.652  INFO 17473 --- [SpringApplicationShutdownHook] com.zaxxer.hikari.HikariDataSource       : Hikari - Shutdown initiated...
2022-08-27 13:58:52.662  INFO 17473 --- [SpringApplicationShutdownHook] com.zaxxer.hikari.HikariDataSource       : Hikari - Shutdown completed.
2022-08-27 13:59:04.624  INFO 17769 --- [restartedMain] c.f.pressing.PressingApplication         : Starting PressingApplication using Java 11.0.15 on 192.168.1.3 with PID 17769 (/Users/thv/workspaces-backend/java/presssing/target/classes started by thv in /Users/thv/workspaces-backend/java/presssing)
2022-08-27 13:59:04.625  INFO 17769 --- [restartedMain] c.f.pressing.PressingApplication         : No active profile set, falling back to 1 default profile: "default"
2022-08-27 13:59:04.674  INFO 17769 --- [restartedMain] .e.DevToolsPropertyDefaultsPostProcessor : Devtools property defaults active! Set 'spring.devtools.add-properties' to 'false' to disable
2022-08-27 13:59:04.675  INFO 17769 --- [restartedMain] .e.DevToolsPropertyDefaultsPostProcessor : For additional web related logging consider setting the 'logging.level.web' property to 'DEBUG'
2022-08-27 13:59:05.251  INFO 17769 --- [restartedMain] .s.d.r.c.RepositoryConfigurationDelegate : Bootstrapping Spring Data JPA repositories in DEFAULT mode.
2022-08-27 13:59:05.295  INFO 17769 --- [restartedMain] .s.d.r.c.RepositoryConfigurationDelegate : Finished Spring Data repository scanning in 35 ms. Found 2 JPA repository interfaces.
2022-08-27 13:59:05.788  INFO 17769 --- [restartedMain] o.s.b.w.embedded.tomcat.TomcatWebServer  : Tomcat initialized with port(s): 8081 (http)
2022-08-27 13:59:05.797  INFO 17769 --- [restartedMain] o.apache.catalina.core.StandardService   : Starting service [Tomcat]
2022-08-27 13:59:05.797  INFO 17769 --- [restartedMain] org.apache.catalina.core.StandardEngine  : Starting Servlet engine: [Apache Tomcat/9.0.65]
2022-08-27 13:59:05.857  INFO 17769 --- [restartedMain] o.a.c.c.C.[Tomcat].[localhost].[/]       : Initializing Spring embedded WebApplicationContext
2022-08-27 13:59:05.857  INFO 17769 --- [restartedMain] w.s.c.ServletWebServerApplicationContext : Root WebApplicationContext: initialization completed in 1182 ms
2022-08-27 13:59:05.969  INFO 17769 --- [restartedMain] o.hibernate.jpa.internal.util.LogHelper  : HHH000204: Processing PersistenceUnitInfo [name: default]
2022-08-27 13:59:06.038  INFO 17769 --- [restartedMain] org.hibernate.Version                    : HHH000412: Hibernate ORM core version 5.6.10.Final
2022-08-27 13:59:06.146  INFO 17769 --- [restartedMain] o.hibernate.annotations.common.Version   : HCANN000001: Hibernate Commons Annotations {5.1.2.Final}
2022-08-27 13:59:06.222  INFO 17769 --- [restartedMain] com.zaxxer.hikari.HikariDataSource       : Hikari - Starting...
2022-08-27 13:59:06.355  INFO 17769 --- [restartedMain] com.zaxxer.hikari.pool.HikariPool        : Hikari - Added connection com.mysql.cj.jdbc.ConnectionImpl@3f2bf2cb
2022-08-27 13:59:06.358  INFO 17769 --- [restartedMain] com.zaxxer.hikari.HikariDataSource       : Hikari - Start completed.
2022-08-27 13:59:06.373  INFO 17769 --- [restartedMain] org.hibernate.dialect.Dialect            : HHH000400: Using dialect: org.hibernate.dialect.MySQL57Dialect
2022-08-27 13:59:06.832  INFO 17769 --- [restartedMain] org.hibernate.orm.connections.access     : HHH10001501: Connection obtained from JdbcConnectionAccess [org.hibernate.engine.jdbc.env.internal.JdbcEnvironmentInitiator$ConnectionProviderJdbcConnectionAccess@563b3c84] for (non-JTA) DDL execution was not in auto-commit mode; the Connection 'local transaction' will be committed and the Connection will be set into auto-commit mode.
2022-08-27 13:59:06.879  INFO 17769 --- [restartedMain] o.h.e.t.j.p.i.JtaPlatformInitiator       : HHH000490: Using JtaPlatform implementation: [org.hibernate.engine.transaction.jta.platform.internal.NoJtaPlatform]
2022-08-27 13:59:06.884  INFO 17769 --- [restartedMain] j.LocalContainerEntityManagerFactoryBean : Initialized JPA EntityManagerFactory for persistence unit 'default'
2022-08-27 13:59:07.177  WARN 17769 --- [restartedMain] JpaBaseConfiguration$JpaWebConfiguration : spring.jpa.open-in-view is enabled by default. Therefore, database queries may be performed during view rendering. Explicitly configure spring.jpa.open-in-view to disable this warning
2022-08-27 13:59:07.637  INFO 17769 --- [restartedMain] o.s.b.d.a.OptionalLiveReloadServer       : LiveReload server is running on port 35729
2022-08-27 13:59:07.670  INFO 17769 --- [restartedMain] o.s.b.w.embedded.tomcat.TomcatWebServer  : Tomcat started on port(s): 8081 (http) with context path ''
2022-08-27 13:59:07.678  INFO 17769 --- [restartedMain] c.f.pressing.PressingApplication         : Started PressingApplication in 3.454 seconds (JVM running for 3.821)
2022-08-27 13:59:09.953  INFO 17769 --- [SpringApplicationShutdownHook] j.LocalContainerEntityManagerFactoryBean : Closing JPA EntityManagerFactory for persistence unit 'default'
2022-08-27 13:59:09.957  INFO 17769 --- [SpringApplicationShutdownHook] com.zaxxer.hikari.HikariDataSource       : Hikari - Shutdown initiated...
2022-08-27 13:59:09.965  INFO 17769 --- [SpringApplicationShutdownHook] com.zaxxer.hikari.HikariDataSource       : Hikari - Shutdown completed.
2022-08-27 13:59:26.790  INFO 17807 --- [restartedMain] c.f.pressing.PressingApplication         : Starting PressingApplication using Java 11.0.15 on 192.168.1.3 with PID 17807 (/Users/thv/workspaces-backend/java/presssing/target/classes started by thv in /Users/thv/workspaces-backend/java/presssing)
2022-08-27 13:59:26.791  INFO 17807 --- [restartedMain] c.f.pressing.PressingApplication         : No active profile set, falling back to 1 default profile: "default"
2022-08-27 13:59:26.832  INFO 17807 --- [restartedMain] .e.DevToolsPropertyDefaultsPostProcessor : Devtools property defaults active! Set 'spring.devtools.add-properties' to 'false' to disable
2022-08-27 13:59:26.832  INFO 17807 --- [restartedMain] .e.DevToolsPropertyDefaultsPostProcessor : For additional web related logging consider setting the 'logging.level.web' property to 'DEBUG'
2022-08-27 13:59:27.254  INFO 17807 --- [restartedMain] .s.d.r.c.RepositoryConfigurationDelegate : Bootstrapping Spring Data JPA repositories in DEFAULT mode.
2022-08-27 13:59:27.285  INFO 17807 --- [restartedMain] .s.d.r.c.RepositoryConfigurationDelegate : Finished Spring Data repository scanning in 26 ms. Found 2 JPA repository interfaces.
2022-08-27 13:59:27.637  INFO 17807 --- [restartedMain] o.s.b.w.embedded.tomcat.TomcatWebServer  : Tomcat initialized with port(s): 8081 (http)
2022-08-27 13:59:27.644  INFO 17807 --- [restartedMain] o.apache.catalina.core.StandardService   : Starting service [Tomcat]
2022-08-27 13:59:27.644  INFO 17807 --- [restartedMain] org.apache.catalina.core.StandardEngine  : Starting Servlet engine: [Apache Tomcat/9.0.65]
2022-08-27 13:59:27.689  INFO 17807 --- [restartedMain] o.a.c.c.C.[Tomcat].[localhost].[/]       : Initializing Spring embedded WebApplicationContext
2022-08-27 13:59:27.690  INFO 17807 --- [restartedMain] w.s.c.ServletWebServerApplicationContext : Root WebApplicationContext: initialization completed in 857 ms
2022-08-27 13:59:27.770  INFO 17807 --- [restartedMain] o.hibernate.jpa.internal.util.LogHelper  : HHH000204: Processing PersistenceUnitInfo [name: default]
2022-08-27 13:59:27.791  INFO 17807 --- [restartedMain] org.hibernate.Version                    : HHH000412: Hibernate ORM core version 5.6.10.Final
2022-08-27 13:59:27.873  INFO 17807 --- [restartedMain] o.hibernate.annotations.common.Version   : HCANN000001: Hibernate Commons Annotations {5.1.2.Final}
2022-08-27 13:59:27.924  INFO 17807 --- [restartedMain] com.zaxxer.hikari.HikariDataSource       : Hikari - Starting...
2022-08-27 13:59:28.018  INFO 17807 --- [restartedMain] com.zaxxer.hikari.pool.HikariPool        : Hikari - Added connection com.mysql.cj.jdbc.ConnectionImpl@7775a647
2022-08-27 13:59:28.020  INFO 17807 --- [restartedMain] com.zaxxer.hikari.HikariDataSource       : Hikari - Start completed.
2022-08-27 13:59:28.031  INFO 17807 --- [restartedMain] org.hibernate.dialect.Dialect            : HHH000400: Using dialect: org.hibernate.dialect.MySQL57Dialect
2022-08-27 13:59:28.385  INFO 17807 --- [restartedMain] org.hibernate.orm.connections.access     : HHH10001501: Connection obtained from JdbcConnectionAccess [org.hibernate.engine.jdbc.env.internal.JdbcEnvironmentInitiator$ConnectionProviderJdbcConnectionAccess@2daf4604] for (non-JTA) DDL execution was not in auto-commit mode; the Connection 'local transaction' will be committed and the Connection will be set into auto-commit mode.
2022-08-27 13:59:28.420  INFO 17807 --- [restartedMain] o.h.e.t.j.p.i.JtaPlatformInitiator       : HHH000490: Using JtaPlatform implementation: [org.hibernate.engine.transaction.jta.platform.internal.NoJtaPlatform]
2022-08-27 13:59:28.427  INFO 17807 --- [restartedMain] j.LocalContainerEntityManagerFactoryBean : Initialized JPA EntityManagerFactory for persistence unit 'default'
2022-08-27 13:59:28.664  WARN 17807 --- [restartedMain] JpaBaseConfiguration$JpaWebConfiguration : spring.jpa.open-in-view is enabled by default. Therefore, database queries may be performed during view rendering. Explicitly configure spring.jpa.open-in-view to disable this warning
2022-08-27 13:59:29.088  INFO 17807 --- [restartedMain] o.s.b.d.a.OptionalLiveReloadServer       : LiveReload server is running on port 35729
2022-08-27 13:59:29.107  INFO 17807 --- [restartedMain] o.s.b.w.embedded.tomcat.TomcatWebServer  : Tomcat started on port(s): 8081 (http) with context path ''
2022-08-27 13:59:29.115  INFO 17807 --- [restartedMain] c.f.pressing.PressingApplication         : Started PressingApplication in 2.646 seconds (JVM running for 2.966)
2022-08-27 14:01:50.141  INFO 17807 --- [http-nio-8081-exec-1] o.a.c.c.C.[Tomcat].[localhost].[/]       : Initializing Spring DispatcherServlet 'dispatcherServlet'
2022-08-27 14:01:50.142  INFO 17807 --- [http-nio-8081-exec-1] o.s.web.servlet.DispatcherServlet        : Initializing Servlet 'dispatcherServlet'
2022-08-27 14:01:50.144  INFO 17807 --- [http-nio-8081-exec-1] o.s.web.servlet.DispatcherServlet        : Completed initialization in 2 ms
2022-08-27 14:01:50.449  INFO 17807 --- [http-nio-8081-exec-2] o.springdoc.api.AbstractOpenApiResource  : Init duration for springdoc-openapi is: 214 ms
2022-08-27 14:03:25.865  WARN 17807 --- [http-nio-8081-exec-7] .w.s.m.s.DefaultHandlerExceptionResolver : Resolved [org.springframework.http.converter.HttpMessageNotReadableException: JSON parse error: Unexpected character ('}' (code 125)): was expecting double-quote to start field name; nested exception is com.fasterxml.jackson.core.JsonParseException: Unexpected character ('}' (code 125)): was expecting double-quote to start field name<EOL> at [Source: (org.springframework.util.StreamUtils$NonClosingInputStream); line: 3, column: 2]]
2022-08-27 14:15:05.746  INFO 17807 --- [SpringApplicationShutdownHook] j.LocalContainerEntityManagerFactoryBean : Closing JPA EntityManagerFactory for persistence unit 'default'
2022-08-27 14:15:05.751  INFO 17807 --- [SpringApplicationShutdownHook] com.zaxxer.hikari.HikariDataSource       : Hikari - Shutdown initiated...
2022-08-27 14:15:05.761  INFO 17807 --- [SpringApplicationShutdownHook] com.zaxxer.hikari.HikariDataSource       : Hikari - Shutdown completed.
2022-08-27 14:28:19.176  INFO 18455 --- [restartedMain] c.f.pressing.PressingApplication         : Starting PressingApplication using Java 11.0.15 on 192.168.1.3 with PID 18455 (/Users/thv/workspaces-backend/java/presssing/target/classes started by thv in /Users/thv/workspaces-backend/java/presssing)
2022-08-27 14:28:19.178  INFO 18455 --- [restartedMain] c.f.pressing.PressingApplication         : No active profile set, falling back to 1 default profile: "default"
2022-08-27 14:28:19.225  INFO 18455 --- [restartedMain] .e.DevToolsPropertyDefaultsPostProcessor : Devtools property defaults active! Set 'spring.devtools.add-properties' to 'false' to disable
2022-08-27 14:28:19.225  INFO 18455 --- [restartedMain] .e.DevToolsPropertyDefaultsPostProcessor : For additional web related logging consider setting the 'logging.level.web' property to 'DEBUG'
2022-08-27 14:28:19.779  INFO 18455 --- [restartedMain] .s.d.r.c.RepositoryConfigurationDelegate : Bootstrapping Spring Data JPA repositories in DEFAULT mode.
2022-08-27 14:28:19.820  INFO 18455 --- [restartedMain] .s.d.r.c.RepositoryConfigurationDelegate : Finished Spring Data repository scanning in 32 ms. Found 2 JPA repository interfaces.
2022-08-27 14:28:20.279  INFO 18455 --- [restartedMain] o.s.b.w.embedded.tomcat.TomcatWebServer  : Tomcat initialized with port(s): 8081 (http)
2022-08-27 14:28:20.287  INFO 18455 --- [restartedMain] o.apache.catalina.core.StandardService   : Starting service [Tomcat]
2022-08-27 14:28:20.287  INFO 18455 --- [restartedMain] org.apache.catalina.core.StandardEngine  : Starting Servlet engine: [Apache Tomcat/9.0.65]
2022-08-27 14:28:20.337  INFO 18455 --- [restartedMain] o.a.c.c.C.[Tomcat].[localhost].[/]       : Initializing Spring embedded WebApplicationContext
2022-08-27 14:28:20.337  INFO 18455 --- [restartedMain] w.s.c.ServletWebServerApplicationContext : Root WebApplicationContext: initialization completed in 1111 ms
2022-08-27 14:28:20.438  INFO 18455 --- [restartedMain] o.hibernate.jpa.internal.util.LogHelper  : HHH000204: Processing PersistenceUnitInfo [name: default]
2022-08-27 14:28:20.473  INFO 18455 --- [restartedMain] org.hibernate.Version                    : HHH000412: Hibernate ORM core version 5.6.10.Final
2022-08-27 14:28:20.562  INFO 18455 --- [restartedMain] o.hibernate.annotations.common.Version   : HCANN000001: Hibernate Commons Annotations {5.1.2.Final}
2022-08-27 14:28:20.627  INFO 18455 --- [restartedMain] com.zaxxer.hikari.HikariDataSource       : Hikari - Starting...
2022-08-27 14:28:20.734  INFO 18455 --- [restartedMain] com.zaxxer.hikari.pool.HikariPool        : Hikari - Added connection com.mysql.cj.jdbc.ConnectionImpl@3f382e35
2022-08-27 14:28:20.736  INFO 18455 --- [restartedMain] com.zaxxer.hikari.HikariDataSource       : Hikari - Start completed.
2022-08-27 14:28:20.748  INFO 18455 --- [restartedMain] org.hibernate.dialect.Dialect            : HHH000400: Using dialect: org.hibernate.dialect.MySQL57Dialect
2022-08-27 14:28:21.155  INFO 18455 --- [restartedMain] org.hibernate.orm.connections.access     : HHH10001501: Connection obtained from JdbcConnectionAccess [org.hibernate.engine.jdbc.env.internal.JdbcEnvironmentInitiator$ConnectionProviderJdbcConnectionAccess@7f93c3fa] for (non-JTA) DDL execution was not in auto-commit mode; the Connection 'local transaction' will be committed and the Connection will be set into auto-commit mode.
2022-08-27 14:28:21.195  INFO 18455 --- [restartedMain] o.h.e.t.j.p.i.JtaPlatformInitiator       : HHH000490: Using JtaPlatform implementation: [org.hibernate.engine.transaction.jta.platform.internal.NoJtaPlatform]
2022-08-27 14:28:21.201  INFO 18455 --- [restartedMain] j.LocalContainerEntityManagerFactoryBean : Initialized JPA EntityManagerFactory for persistence unit 'default'
2022-08-27 14:28:21.465  WARN 18455 --- [restartedMain] JpaBaseConfiguration$JpaWebConfiguration : spring.jpa.open-in-view is enabled by default. Therefore, database queries may be performed during view rendering. Explicitly configure spring.jpa.open-in-view to disable this warning
2022-08-27 14:28:21.907  INFO 18455 --- [restartedMain] o.s.b.d.a.OptionalLiveReloadServer       : LiveReload server is running on port 35729
2022-08-27 14:28:21.930  INFO 18455 --- [restartedMain] o.s.b.w.embedded.tomcat.TomcatWebServer  : Tomcat started on port(s): 8081 (http) with context path ''
2022-08-27 14:28:21.942  INFO 18455 --- [restartedMain] c.f.pressing.PressingApplication         : Started PressingApplication in 3.126 seconds (JVM running for 3.462)
2022-08-27 14:31:00.428  INFO 18455 --- [SpringApplicationShutdownHook] j.LocalContainerEntityManagerFactoryBean : Closing JPA EntityManagerFactory for persistence unit 'default'
2022-08-27 14:31:00.432  INFO 18455 --- [SpringApplicationShutdownHook] com.zaxxer.hikari.HikariDataSource       : Hikari - Shutdown initiated...
2022-08-27 14:31:00.440  INFO 18455 --- [SpringApplicationShutdownHook] com.zaxxer.hikari.HikariDataSource       : Hikari - Shutdown completed.
2022-08-27 14:31:14.503  INFO 18546 --- [restartedMain] c.f.pressing.PressingApplication         : Starting PressingApplication using Java 11.0.15 on 192.168.1.3 with PID 18546 (/Users/thv/workspaces-backend/java/presssing/target/classes started by thv in /Users/thv/workspaces-backend/java/presssing)
2022-08-27 14:31:14.504  INFO 18546 --- [restartedMain] c.f.pressing.PressingApplication         : No active profile set, falling back to 1 default profile: "default"
2022-08-27 14:31:14.547  INFO 18546 --- [restartedMain] .e.DevToolsPropertyDefaultsPostProcessor : Devtools property defaults active! Set 'spring.devtools.add-properties' to 'false' to disable
2022-08-27 14:31:14.548  INFO 18546 --- [restartedMain] .e.DevToolsPropertyDefaultsPostProcessor : For additional web related logging consider setting the 'logging.level.web' property to 'DEBUG'
2022-08-27 14:31:15.011  INFO 18546 --- [restartedMain] .s.d.r.c.RepositoryConfigurationDelegate : Bootstrapping Spring Data JPA repositories in DEFAULT mode.
2022-08-27 14:31:15.048  INFO 18546 --- [restartedMain] .s.d.r.c.RepositoryConfigurationDelegate : Finished Spring Data repository scanning in 31 ms. Found 2 JPA repository interfaces.
2022-08-27 14:31:15.435  INFO 18546 --- [restartedMain] o.s.b.w.embedded.tomcat.TomcatWebServer  : Tomcat initialized with port(s): 8081 (http)
2022-08-27 14:31:15.442  INFO 18546 --- [restartedMain] o.apache.catalina.core.StandardService   : Starting service [Tomcat]
2022-08-27 14:31:15.442  INFO 18546 --- [restartedMain] org.apache.catalina.core.StandardEngine  : Starting Servlet engine: [Apache Tomcat/9.0.65]
2022-08-27 14:31:15.491  INFO 18546 --- [restartedMain] o.a.c.c.C.[Tomcat].[localhost].[/]       : Initializing Spring embedded WebApplicationContext
2022-08-27 14:31:15.491  INFO 18546 --- [restartedMain] w.s.c.ServletWebServerApplicationContext : Root WebApplicationContext: initialization completed in 943 ms
2022-08-27 14:31:15.574  INFO 18546 --- [restartedMain] o.hibernate.jpa.internal.util.LogHelper  : HHH000204: Processing PersistenceUnitInfo [name: default]
2022-08-27 14:31:15.598  INFO 18546 --- [restartedMain] org.hibernate.Version                    : HHH000412: Hibernate ORM core version 5.6.10.Final
2022-08-27 14:31:15.678  INFO 18546 --- [restartedMain] o.hibernate.annotations.common.Version   : HCANN000001: Hibernate Commons Annotations {5.1.2.Final}
2022-08-27 14:31:15.730  INFO 18546 --- [restartedMain] com.zaxxer.hikari.HikariDataSource       : Hikari - Starting...
2022-08-27 14:31:15.825  INFO 18546 --- [restartedMain] com.zaxxer.hikari.pool.HikariPool        : Hikari - Added connection com.mysql.cj.jdbc.ConnectionImpl@4bf86cbb
2022-08-27 14:31:15.827  INFO 18546 --- [restartedMain] com.zaxxer.hikari.HikariDataSource       : Hikari - Start completed.
2022-08-27 14:31:15.836  INFO 18546 --- [restartedMain] org.hibernate.dialect.Dialect            : HHH000400: Using dialect: org.hibernate.dialect.MySQL57Dialect
2022-08-27 14:31:16.164  INFO 18546 --- [restartedMain] org.hibernate.orm.connections.access     : HHH10001501: Connection obtained from JdbcConnectionAccess [org.hibernate.engine.jdbc.env.internal.JdbcEnvironmentInitiator$ConnectionProviderJdbcConnectionAccess@100d17b4] for (non-JTA) DDL execution was not in auto-commit mode; the Connection 'local transaction' will be committed and the Connection will be set into auto-commit mode.
2022-08-27 14:31:16.198  INFO 18546 --- [restartedMain] o.h.e.t.j.p.i.JtaPlatformInitiator       : HHH000490: Using JtaPlatform implementation: [org.hibernate.engine.transaction.jta.platform.internal.NoJtaPlatform]
2022-08-27 14:31:16.204  INFO 18546 --- [restartedMain] j.LocalContainerEntityManagerFactoryBean : Initialized JPA EntityManagerFactory for persistence unit 'default'
2022-08-27 14:31:16.432  WARN 18546 --- [restartedMain] JpaBaseConfiguration$JpaWebConfiguration : spring.jpa.open-in-view is enabled by default. Therefore, database queries may be performed during view rendering. Explicitly configure spring.jpa.open-in-view to disable this warning
2022-08-27 14:31:16.818  INFO 18546 --- [restartedMain] o.s.b.d.a.OptionalLiveReloadServer       : LiveReload server is running on port 35729
2022-08-27 14:31:16.839  INFO 18546 --- [restartedMain] o.s.b.w.embedded.tomcat.TomcatWebServer  : Tomcat started on port(s): 8081 (http) with context path ''
2022-08-27 14:31:16.850  INFO 18546 --- [restartedMain] c.f.pressing.PressingApplication         : Started PressingApplication in 2.664 seconds (JVM running for 2.972)
2022-08-27 14:32:57.851  INFO 18546 --- [http-nio-8081-exec-1] o.a.c.c.C.[Tomcat].[localhost].[/]       : Initializing Spring DispatcherServlet 'dispatcherServlet'
2022-08-27 14:32:57.852  INFO 18546 --- [http-nio-8081-exec-1] o.s.web.servlet.DispatcherServlet        : Initializing Servlet 'dispatcherServlet'
2022-08-27 14:32:57.854  INFO 18546 --- [http-nio-8081-exec-1] o.s.web.servlet.DispatcherServlet        : Completed initialization in 1 ms
2022-08-27 14:32:58.138  INFO 18546 --- [http-nio-8081-exec-2] o.springdoc.api.AbstractOpenApiResource  : Init duration for springdoc-openapi is: 197 ms
2022-08-27 14:39:48.314 ERROR 18546 --- [http-nio-8081-exec-6] o.a.c.c.C.[.[.[/].[dispatcherServlet]    : Servlet.service() for servlet [dispatcherServlet] in context with path [] threw exception [Request processing failed; nested exception is java.lang.NullPointerException] with root cause

java.lang.NullPointerException: null
	at com.formationjava.pressing.servicies.impl.RoleServiceImpl.update(RoleServiceImpl.java:37)
	at com.formationjava.pressing.servicies.impl.RoleServiceImpl$$FastClassBySpringCGLIB$$82ab545f.invoke(<generated>)
	at org.springframework.cglib.proxy.MethodProxy.invoke(MethodProxy.java:218)
	at org.springframework.aop.framework.CglibAopProxy$CglibMethodInvocation.invokeJoinpoint(CglibAopProxy.java:793)
	at org.springframework.aop.framework.ReflectiveMethodInvocation.proceed(ReflectiveMethodInvocation.java:163)
	at org.springframework.aop.framework.CglibAopProxy$CglibMethodInvocation.proceed(CglibAopProxy.java:763)
	at org.springframework.transaction.interceptor.TransactionInterceptor$1.proceedWithInvocation(TransactionInterceptor.java:123)
	at org.springframework.transaction.interceptor.TransactionAspectSupport.invokeWithinTransaction(TransactionAspectSupport.java:388)
	at org.springframework.transaction.interceptor.TransactionInterceptor.invoke(TransactionInterceptor.java:119)
	at org.springframework.aop.framework.ReflectiveMethodInvocation.proceed(ReflectiveMethodInvocation.java:186)
	at org.springframework.aop.framework.CglibAopProxy$CglibMethodInvocation.proceed(CglibAopProxy.java:763)
	at org.springframework.aop.framework.CglibAopProxy$DynamicAdvisedInterceptor.intercept(CglibAopProxy.java:708)
	at com.formationjava.pressing.servicies.impl.RoleServiceImpl$$EnhancerBySpringCGLIB$$f5b561c0.update(<generated>)
	at com.formationjava.pressing.web.RoleRessource.updateRole(RoleRessource.java:73)
	at java.base/jdk.internal.reflect.NativeMethodAccessorImpl.invoke0(Native Method)
	at java.base/jdk.internal.reflect.NativeMethodAccessorImpl.invoke(NativeMethodAccessorImpl.java:62)
	at java.base/jdk.internal.reflect.DelegatingMethodAccessorImpl.invoke(DelegatingMethodAccessorImpl.java:43)
	at java.base/java.lang.reflect.Method.invoke(Method.java:566)
	at org.springframework.web.method.support.InvocableHandlerMethod.doInvoke(InvocableHandlerMethod.java:205)
	at org.springframework.web.method.support.InvocableHandlerMethod.invokeForRequest(InvocableHandlerMethod.java:150)
	at org.springframework.web.servlet.mvc.method.annotation.ServletInvocableHandlerMethod.invokeAndHandle(ServletInvocableHandlerMethod.java:117)
	at org.springframework.web.servlet.mvc.method.annotation.RequestMappingHandlerAdapter.invokeHandlerMethod(RequestMappingHandlerAdapter.java:895)
	at org.springframework.web.servlet.mvc.method.annotation.RequestMappingHandlerAdapter.handleInternal(RequestMappingHandlerAdapter.java:808)
	at org.springframework.web.servlet.mvc.method.AbstractHandlerMethodAdapter.handle(AbstractHandlerMethodAdapter.java:87)
	at org.springframework.web.servlet.DispatcherServlet.doDispatch(DispatcherServlet.java:1070)
	at org.springframework.web.servlet.DispatcherServlet.doService(DispatcherServlet.java:963)
	at org.springframework.web.servlet.FrameworkServlet.processRequest(FrameworkServlet.java:1006)
	at org.springframework.web.servlet.FrameworkServlet.doPut(FrameworkServlet.java:920)
	at javax.servlet.http.HttpServlet.service(HttpServlet.java:684)
	at org.springframework.web.servlet.FrameworkServlet.service(FrameworkServlet.java:883)
	at javax.servlet.http.HttpServlet.service(HttpServlet.java:764)
	at org.apache.catalina.core.ApplicationFilterChain.internalDoFilter(ApplicationFilterChain.java:227)
	at org.apache.catalina.core.ApplicationFilterChain.doFilter(ApplicationFilterChain.java:162)
	at org.apache.tomcat.websocket.server.WsFilter.doFilter(WsFilter.java:53)
	at org.apache.catalina.core.ApplicationFilterChain.internalDoFilter(ApplicationFilterChain.java:189)
	at org.apache.catalina.core.ApplicationFilterChain.doFilter(ApplicationFilterChain.java:162)
	at org.springframework.web.filter.RequestContextFilter.doFilterInternal(RequestContextFilter.java:100)
	at org.springframework.web.filter.OncePerRequestFilter.doFilter(OncePerRequestFilter.java:117)
	at org.apache.catalina.core.ApplicationFilterChain.internalDoFilter(ApplicationFilterChain.java:189)
	at org.apache.catalina.core.ApplicationFilterChain.doFilter(ApplicationFilterChain.java:162)
	at org.springframework.web.filter.FormContentFilter.doFilterInternal(FormContentFilter.java:93)
	at org.springframework.web.filter.OncePerRequestFilter.doFilter(OncePerRequestFilter.java:117)
	at org.apache.catalina.core.ApplicationFilterChain.internalDoFilter(ApplicationFilterChain.java:189)
	at org.apache.catalina.core.ApplicationFilterChain.doFilter(ApplicationFilterChain.java:162)
	at org.springframework.web.filter.CharacterEncodingFilter.doFilterInternal(CharacterEncodingFilter.java:201)
	at org.springframework.web.filter.OncePerRequestFilter.doFilter(OncePerRequestFilter.java:117)
	at org.apache.catalina.core.ApplicationFilterChain.internalDoFilter(ApplicationFilterChain.java:189)
	at org.apache.catalina.core.ApplicationFilterChain.doFilter(ApplicationFilterChain.java:162)
	at org.apache.catalina.core.StandardWrapperValve.invoke(StandardWrapperValve.java:197)
	at org.apache.catalina.core.StandardContextValve.invoke(StandardContextValve.java:97)
	at org.apache.catalina.authenticator.AuthenticatorBase.invoke(AuthenticatorBase.java:541)
	at org.apache.catalina.core.StandardHostValve.invoke(StandardHostValve.java:135)
	at org.apache.catalina.valves.ErrorReportValve.invoke(ErrorReportValve.java:92)
	at org.apache.catalina.core.StandardEngineValve.invoke(StandardEngineValve.java:78)
	at org.apache.catalina.connector.CoyoteAdapter.service(CoyoteAdapter.java:360)
	at org.apache.coyote.http11.Http11Processor.service(Http11Processor.java:399)
	at org.apache.coyote.AbstractProcessorLight.process(AbstractProcessorLight.java:65)
	at org.apache.coyote.AbstractProtocol$ConnectionHandler.process(AbstractProtocol.java:890)
	at org.apache.tomcat.util.net.NioEndpoint$SocketProcessor.doRun(NioEndpoint.java:1789)
	at org.apache.tomcat.util.net.SocketProcessorBase.run(SocketProcessorBase.java:49)
	at org.apache.tomcat.util.threads.ThreadPoolExecutor.runWorker(ThreadPoolExecutor.java:1191)
	at org.apache.tomcat.util.threads.ThreadPoolExecutor$Worker.run(ThreadPoolExecutor.java:659)
	at org.apache.tomcat.util.threads.TaskThread$WrappingRunnable.run(TaskThread.java:61)
	at java.base/java.lang.Thread.run(Thread.java:829)

2022-08-27 15:02:09.174  WARN 18546 --- [Hikari housekeeper] com.zaxxer.hikari.pool.HikariPool        : Hikari - Thread starvation or clock leap detected (housekeeper delta=1m23s14ms).
2022-08-27 15:10:51.587  INFO 18546 --- [SpringApplicationShutdownHook] j.LocalContainerEntityManagerFactoryBean : Closing JPA EntityManagerFactory for persistence unit 'default'
2022-08-27 15:10:51.594  INFO 18546 --- [SpringApplicationShutdownHook] com.zaxxer.hikari.HikariDataSource       : Hikari - Shutdown initiated...
2022-08-27 15:10:51.601  INFO 18546 --- [SpringApplicationShutdownHook] com.zaxxer.hikari.HikariDataSource       : Hikari - Shutdown completed.
